#
# A fatal error has been detected by the Java Runtime Environment:
#
#  SIGSEGV (0xb) at pc=0x00007f4ef5a19009, pid=4992, tid=5020
#
# JRE version: OpenJDK Runtime Environment (9.0) (build 9-internal+0-2016-04-14-195246.buildd.src)
# Java VM: OpenJDK 64-Bit Server VM (9-internal+0-2016-04-14-195246.buildd.src, mixed mode, tiered, compressed oops, g1 gc, linux-amd64)
# Problematic frame:
# C  [libjava.so+0x1d009]  JNU_GetEnv+0x19
#
# Core dump will be written. Default location: Core dumps may be processed with "/usr/share/apport/apport %p %s %c %d %P" (or dumping to /home/sky-nuc-libo1/repos/XenGT-CitrixServer-patch/study/java/advance/ch08/core.4992)
#
# If you would like to submit a bug report, please visit:
#   http://bugreport.java.com/bugreport/crash.jsp
# The crash happened outside the Java Virtual Machine in native code.
# See problematic frame for where to report the bug.
#

---------------  S U M M A R Y ------------

Command Line: HelloWorldSwing

Host: Intel(R) Core(TM) i5-6260U CPU @ 1.80GHz, 4 cores, 15G, Ubuntu 16.04.1 LTS
Time: Fri Jan  5 01:41:58 2018 CST elapsed time: 5 seconds (0d 0h 0m 5s)

---------------  T H R E A D  ---------------

Current thread (0x00007f4ef03d8000):  JavaThread "AWT-EventQueue-0" [_thread_in_native, id=5020, stack(0x00007f4e893f7000,0x00007f4e894f8000)]

Stack: [0x00007f4e893f7000,0x00007f4e894f8000],  sp=0x00007f4e894f34a0,  free space=1009k
Native frames: (J=compiled Java code, j=interpreted, Vv=VM code, C=native code)
C  [libjava.so+0x1d009]  JNU_GetEnv+0x19
C  [libfontmanager.so+0x33f8e]
C  [libfreetype.so.6+0x14d2b]  FT_Stream_Seek+0x1b

Java frames: (J=compiled Java code, j=interpreted, Vv=VM code)
j  sun.font.FreetypeFontScaler.initNativeScaler(Lsun/font/Font2D;IIZI)J+0 java.desktop@9-internal
j  sun.font.FreetypeFontScaler.<init>(Lsun/font/Font2D;IZI)V+26 java.desktop@9-internal
v  ~StubRoutines::call_stub
j  sun.reflect.NativeConstructorAccessorImpl.newInstance0(Ljava/lang/reflect/Constructor;[Ljava/lang/Object;)Ljava/lang/Object;+0 java.base@9-internal
j  sun.reflect.NativeConstructorAccessorImpl.newInstance([Ljava/lang/Object;)Ljava/lang/Object;+85 java.base@9-internal
j  sun.reflect.DelegatingConstructorAccessorImpl.newInstance([Ljava/lang/Object;)Ljava/lang/Object;+5 java.base@9-internal
j  java.lang.reflect.Constructor.newInstance([Ljava/lang/Object;)Ljava/lang/Object;+65 java.base@9-internal
j  sun.font.FontScaler.getScaler(Lsun/font/Font2D;IZI)Lsun/font/FontScaler;+39 java.desktop@9-internal
j  sun.font.TrueTypeFont.getScaler()Lsun/font/FontScaler;+21 java.desktop@9-internal
j  sun.font.FileFontStrike.<init>(Lsun/font/FileFont;Lsun/font/FontStrikeDesc;)V+204 java.desktop@9-internal
j  sun.font.FileFont.createStrike(Lsun/font/FontStrikeDesc;)Lsun/font/FontStrike;+18 java.desktop@9-internal
j  sun.font.Font2D.getStrike(Lsun/font/FontStrikeDesc;Z)Lsun/font/FontStrike;+92 java.desktop@9-internal
j  sun.font.Font2D.getStrike(Lsun/font/FontStrikeDesc;)Lsun/font/FontStrike;+3 java.desktop@9-internal
j  sun.font.CompositeStrike.getStrikeForSlot(I)Lsun/font/PhysicalStrike;+23 java.desktop@9-internal
j  sun.font.CompositeStrike.getFontMetrics()Lsun/font/StrikeMetrics;+31 java.desktop@9-internal
j  sun.font.FontDesignMetrics.initMatrixAndMetrics()V+28 java.desktop@9-internal
j  sun.font.FontDesignMetrics.<init>(Ljava/awt/Font;Ljava/awt/font/FontRenderContext;)V+62 java.desktop@9-internal
j  sun.font.FontDesignMetrics.getMetrics(Ljava/awt/Font;Ljava/awt/font/FontRenderContext;)Lsun/font/FontDesignMetrics;+128 java.desktop@9-internal
j  sun.swing.SwingUtilities2.getFontMetrics(Ljavax/swing/JComponent;Ljava/awt/Font;)Ljava/awt/FontMetrics;+15 java.desktop@9-internal
j  javax.swing.JComponent.getFontMetrics(Ljava/awt/Font;)Ljava/awt/FontMetrics;+2 java.desktop@9-internal
j  javax.swing.plaf.basic.BasicGraphicsUtils.getPreferredButtonSize(Ljavax/swing/AbstractButton;I)Ljava/awt/Dimension;+28 java.desktop@9-internal
j  javax.swing.plaf.basic.BasicButtonUI.getPreferredSize(Ljavax/swing/JComponent;)Ljava/awt/Dimension;+10 java.desktop@9-internal
j  javax.swing.JComponent.getPreferredSize()Ljava/awt/Dimension;+26 java.desktop@9-internal
j  java.awt.FlowLayout.preferredLayoutSize(Ljava/awt/Container;)Ljava/awt/Dimension;+66 java.desktop@9-internal
j  java.awt.Container.preferredSize()Ljava/awt/Dimension;+43 java.desktop@9-internal
j  java.awt.Container.getPreferredSize()Ljava/awt/Dimension;+1 java.desktop@9-internal
j  javax.swing.JComponent.getPreferredSize()Ljava/awt/Dimension;+39 java.desktop@9-internal
j  javax.swing.JRootPane$RootLayout.preferredLayoutSize(Ljava/awt/Container;)Ljava/awt/Dimension;+26 java.desktop@9-internal
j  java.awt.Container.preferredSize()Ljava/awt/Dimension;+43 java.desktop@9-internal
j  java.awt.Container.getPreferredSize()Ljava/awt/Dimension;+1 java.desktop@9-internal
j  javax.swing.JComponent.getPreferredSize()Ljava/awt/Dimension;+39 java.desktop@9-internal
j  java.awt.BorderLayout.preferredLayoutSize(Ljava/awt/Container;)Ljava/awt/Dimension;+157 java.desktop@9-internal
j  java.awt.Container.preferredSize()Ljava/awt/Dimension;+43 java.desktop@9-internal
j  java.awt.Container.getPreferredSize()Ljava/awt/Dimension;+1 java.desktop@9-internal
j  java.awt.Window.pack()V+32 java.desktop@9-internal
j  HelloWorldSwing.createAndShowGUI()V+64
j  HelloWorldSwing.access$000()V+0
j  HelloWorldSwing$1.run()V+0
j  java.awt.event.InvocationEvent.dispatch()V+47 java.desktop@9-internal
j  java.awt.EventQueue.dispatchEventImpl(Ljava/awt/AWTEvent;Ljava/lang/Object;)V+21 java.desktop@9-internal
j  java.awt.EventQueue.access$500(Ljava/awt/EventQueue;Ljava/awt/AWTEvent;Ljava/lang/Object;)V+3 java.desktop@9-internal
j  java.awt.EventQueue$3.run()Ljava/lang/Void;+32 java.desktop@9-internal
j  java.awt.EventQueue$3.run()Ljava/lang/Object;+1 java.desktop@9-internal
v  ~StubRoutines::call_stub
j  java.security.AccessController.doPrivileged(Ljava/security/PrivilegedAction;Ljava/security/AccessControlContext;)Ljava/lang/Object;+0 java.base@9-internal
j  java.security.ProtectionDomain$JavaSecurityAccessImpl.doIntersectionPrivilege(Ljava/security/PrivilegedAction;Ljava/security/AccessControlContext;Ljava/security/AccessControlContext;)Ljava/lang/Object;+18 java.base@9-internal
j  java.awt.EventQueue.dispatchEvent(Ljava/awt/AWTEvent;)V+46 java.desktop@9-internal
j  java.awt.EventDispatchThread.pumpOneEventForFilters(I)V+183 java.desktop@9-internal
j  java.awt.EventDispatchThread.pumpEventsForFilter(ILjava/awt/Conditional;Ljava/awt/EventFilter;)V+35 java.desktop@9-internal
j  java.awt.EventDispatchThread.pumpEventsForHierarchy(ILjava/awt/Conditional;Ljava/awt/Component;)V+11 java.desktop@9-internal
j  java.awt.EventDispatchThread.pumpEvents(ILjava/awt/Conditional;)V+4 java.desktop@9-internal
j  java.awt.EventDispatchThread.pumpEvents(Ljava/awt/Conditional;)V+3 java.desktop@9-internal
j  java.awt.EventDispatchThread.run()V+9 java.desktop@9-internal
v  ~StubRoutines::call_stub

siginfo: si_signo: 11 (SIGSEGV), si_code: 1 (SEGV_MAPERR), si_addr: 0x0000000000000000

Register to memory mapping:

RAX=0x0000000000000000 is an unknown value
RBX=0x0000000000000000 is an unknown value
RCX=0x0000000000000000 is an unknown value
RDX=0x0000000000010002 is an unknown value
RSP=0x00007f4e894f34a0 is pointing into the stack for thread: 0x00007f4ef03d8000
RBP=0x00007f4e894f34b0 is pointing into the stack for thread: 0x00007f4ef03d8000
RSI=0x0000000000010002 is an unknown value
RDI=0x0000000000000000 is an unknown value
R8 =0x0000000000000000 is an unknown value
R9 =0x0000000000000000 is an unknown value
R10=0x00000000000001db is an unknown value
R11=0x00007f4ef5a18ff0: JNU_GetEnv+0x0000000000000000 in /usr/lib/jvm/java-9-openjdk-amd64/lib/amd64/libjava.so at 0x00007f4ef59fc000
R12=0x00007f4e58076ea0 is an unknown value
R13=0x0000000000000000 is an unknown value
R14=0x0000000000000000 is an unknown value
R15=0x00007f4e58072040 is an unknown value


Registers:
RAX=0x0000000000000000, RBX=0x0000000000000000, RCX=0x0000000000000000, RDX=0x0000000000010002
RSP=0x00007f4e894f34a0, RBP=0x00007f4e894f34b0, RSI=0x0000000000010002, RDI=0x0000000000000000
R8 =0x0000000000000000, R9 =0x0000000000000000, R10=0x00000000000001db, R11=0x00007f4ef5a18ff0
R12=0x00007f4e58076ea0, R13=0x0000000000000000, R14=0x0000000000000000, R15=0x00007f4e58072040
RIP=0x00007f4ef5a19009, EFLAGS=0x0000000000010246, CSGSFS=0x0000000000000033, ERR=0x0000000000000004
  TRAPNO=0x000000000000000e

Top of Stack: (sp=0x00007f4e894f34a0)
0x00007f4e894f34a0:   0000000000000000 aad129cc79ac9d00
0x00007f4e894f34b0:   00007f4e894f34f0 00007f4e88f60f8e
0x00007f4e894f34c0:   00007f4e58077950 00007f4e58076ea0
0x00007f4e894f34d0:   0000000000000000 0000000000000000
0x00007f4e894f34e0:   00007f4e58076ea0 00007f4e58072040
0x00007f4e894f34f0:   0000000000000000 00007f4e88c97d2b
0x00007f4e894f3500:   0000000000000000 00007f4e88f29d80
0x00007f4e894f3510:   0000000000000000 00007f4e88cab8e0
0x00007f4e894f3520:   0000000000000002 0000003200000008
0x00007f4e894f3530:   0000000000000000 0000000000000000
0x00007f4e894f3540:   0000006e0000005b 0000000000000000
0x00007f4e894f3550:   0000000000000000 0000007c00000077
0x00007f4e894f3560:   0202020202020202 0202020202020202
0x00007f4e894f3570:   0000000000000000 0000000000000000
0x00007f4e894f3580:   468b45f04e8b41d0 00007f4e58000020
0x00007f4e894f3590:   0000000000000070 00007f4e894f3644
0x00007f4e894f35a0:   00007f4e58077950 00007f4e58072040
0x00007f4e894f35b0:   00007f4e894f3644 00007f4ef8127184
0x00007f4e894f35c0:   00007f4ef709ef00 00007f4e894f35f4
0x00007f4e894f35d0:   00007f4e88f269e0 aad129cc79ac9d00
0x00007f4e894f35e0:   0000000000000070 00007f4e58076fb0
0x00007f4e894f35f0:   00007f4e88f269e0 00007f4e894f3708
0x00007f4e894f3600:   00007f4e58077950 00007f4e58072040
0x00007f4e894f3610:   00007f4e58077f70 00007f4e88c9a4c2
0x00007f4e894f3620:   0000000100000000 00007f4e894f3710
0x00007f4e894f3630:   0000000000000000 0000000000000000
0x00007f4e894f3640:   00000000894f3708 aad129cc79ac9d00
0x00007f4e894f3650:   00007f4e58076fb0 00007f4e894f3710
0x00007f4e894f3660:   0000000000000000 00007f4e58077878
0x00007f4e894f3670:   00007f4e894f3910 00007f4e580777d8
0x00007f4e894f3680:   00007f4e58077950 00007f4e88c9c581
0x00007f4e894f3690:   00007f4e894f3710 00007f4e88c9c376 

Instructions: (pc=0x00007f4ef5a19009)
0x00007f4ef5a18fe9:   ff eb ea 0f 1f 40 00 55 89 f2 48 89 e5 48 83 ec
0x00007f4ef5a18ff9:   10 64 48 8b 04 25 28 00 00 00 48 89 45 f8 31 c0
0x00007f4ef5a19009:   48 8b 07 48 8d 75 f0 ff 50 30 48 8b 4d f8 64 48
0x00007f4ef5a19019:   33 0c 25 28 00 00 00 48 8b 45 f0 75 02 c9 c3 e8 


---------------  P R O C E S S  ---------------

Java Threads: ( => current thread )
  0x00007f4e5c001000 JavaThread "SeedGenerator Thread" daemon [_thread_blocked, id=5042, stack(0x00007f4e8885c000,0x00007f4e8895d000)]
  0x00007f4e583b1800 JavaThread "SeedGenerator Thread" daemon [_thread_in_Java, id=5021, stack(0x00007f4e8895d000,0x00007f4e88a5e000)]
  0x00007f4ef0010800 JavaThread "DestroyJavaVM" [_thread_blocked, id=4993, stack(0x00007f4ef877c000,0x00007f4ef887d000)]
=>0x00007f4ef03d8000 JavaThread "AWT-EventQueue-0" [_thread_in_native, id=5020, stack(0x00007f4e893f7000,0x00007f4e894f8000)]
  0x00007f4ef03d6800 JavaThread "AWT-Shutdown" [_thread_blocked, id=5019, stack(0x00007f4e894f8000,0x00007f4e895f9000)]
  0x00007f4ef03d2000 JavaThread "AWT-XAWT" daemon [_thread_in_native, id=5018, stack(0x00007f4e895f9000,0x00007f4e896fa000)]
  0x00007f4ef03b3000 JavaThread "Java2D Disposer" daemon [_thread_blocked, id=5017, stack(0x00007f4e89b0a000,0x00007f4e89c0b000)]
  0x00007f4ef0304000 JavaThread "Service Thread" daemon [_thread_blocked, id=5015, stack(0x00007f4e8b3d0000,0x00007f4e8b4d1000)]
  0x00007f4ef026e000 JavaThread "Common-Cleaner" daemon [_thread_blocked, id=5014, stack(0x00007f4e8b4d1000,0x00007f4e8b5d2000)]
  0x00007f4ef021e800 JavaThread "Sweeper thread" daemon [_thread_blocked, id=5013, stack(0x00007f4e8bcfd000,0x00007f4e8bdfe000)]
  0x00007f4ef021c800 JavaThread "C1 CompilerThread2" daemon [_thread_in_vm, id=5012, stack(0x00007f4e8bdfe000,0x00007f4e8beff000)]
  0x00007f4ef021a800 JavaThread "C2 CompilerThread1" daemon [_thread_in_vm, id=5011, stack(0x00007f4e8beff000,0x00007f4e8c000000)]
  0x00007f4ef0219000 JavaThread "C2 CompilerThread0" daemon [_thread_blocked, id=5010, stack(0x00007f4ea802a000,0x00007f4ea812b000)]
  0x00007f4ef0214800 JavaThread "Signal Dispatcher" daemon [_thread_blocked, id=5009, stack(0x00007f4ea812b000,0x00007f4ea822c000)]
  0x00007f4ef0212800 JavaThread "Surrogate Locker Thread (Concurrent GC)" daemon [_thread_blocked, id=5008, stack(0x00007f4ea822c000,0x00007f4ea832d000)]
  0x00007f4ef0201000 JavaThread "Finalizer" daemon [_thread_blocked, id=5007, stack(0x00007f4ea87b7000,0x00007f4ea88b8000)]
  0x00007f4ef01fd000 JavaThread "Reference Handler" daemon [_thread_blocked, id=5006, stack(0x00007f4ea88b8000,0x00007f4ea89b9000)]

Other Threads:
  0x00007f4ef01f3000 VMThread [stack: 0x00007f4ea89b9000,0x00007f4ea8aba000] [id=5005]
  0x00007f4ef0306800 WatcherThread [stack: 0x00007f4e8b2cf000,0x00007f4e8b3d0000] [id=5016]

Threads with active compile tasks:
C1 CompilerThread2 582       3       java.nio.Buffer::nextGetIndex (31 bytes)
C2 CompilerThread1 574       4       java.util.Properties::saveConvert (434 bytes)

VM state:not at safepoint (normal execution)

VM Mutex/Monitor currently owned by a thread: None

heap address: 0x00000006c6e00000, size: 3986 MB, Compressed Oops mode: Zero based, Oop shift amount: 3
Narrow klass base: 0x0000000000000000, Narrow klass shift: 3
Compressed class space size: 1073741824 Address: 0x00000007c0000000

Heap:
 garbage-first heap   total 256000K, used 7168K [0x00000006c6e00000, 0x00000006c6f007d0, 0x00000007c0000000)
  region size 1024K, 8 young (8192K), 0 survivors (0K)
 Metaspace       used 11075K, capacity 11414K, committed 11648K, reserved 1058816K
  class space    used 1224K, capacity 1338K, committed 1408K, reserved 1048576K

Heap Regions: E=young(eden), S=young(survivor), O=old, HS=humongous(starts), HC=humongous(continues), CS=collection set, F=free, A=archive, TS=gc time stamp, AC=allocation context, TAMS=top-at-mark-start (previous, next)
|   0|0x00000006c6e00000, 0x00000006c6e00000, 0x00000006c6f00000|  0%| F|  |TS  0|AC  0|TAMS 0x00000006c6e00000, 0x00000006c6e00000|
|   1|0x00000006c6f00000, 0x00000006c6f00000, 0x00000006c7000000|  0%| F|  |TS  0|AC  0|TAMS 0x00000006c6f00000, 0x00000006c6f00000|
|   2|0x00000006c7000000, 0x00000006c7000000, 0x00000006c7100000|  0%| F|  |TS  0|AC  0|TAMS 0x00000006c7000000, 0x00000006c7000000|
|   3|0x00000006c7100000, 0x00000006c7100000, 0x00000006c7200000|  0%| F|  |TS  0|AC  0|TAMS 0x00000006c7100000, 0x00000006c7100000|
|   4|0x00000006c7200000, 0x00000006c7200000, 0x00000006c7300000|  0%| F|  |TS  0|AC  0|TAMS 0x00000006c7200000, 0x00000006c7200000|
|   5|0x00000006c7300000, 0x00000006c7300000, 0x00000006c7400000|  0%| F|  |TS  0|AC  0|TAMS 0x00000006c7300000, 0x00000006c7300000|
|   6|0x00000006c7400000, 0x00000006c7400000, 0x00000006c7500000|  0%| F|  |TS  0|AC  0|TAMS 0x00000006c7400000, 0x00000006c7400000|
|   7|0x00000006c7500000, 0x00000006c7500000, 0x00000006c7600000|  0%| F|  |TS  0|AC  0|TAMS 0x00000006c7500000, 0x00000006c7500000|
|   8|0x00000006c7600000, 0x00000006c7600000, 0x00000006c7700000|  0%| F|  |TS  0|AC  0|TAMS 0x00000006c7600000, 0x00000006c7600000|
|   9|0x00000006c7700000, 0x00000006c7700000, 0x00000006c7800000|  0%| F|  |TS  0|AC  0|TAMS 0x00000006c7700000, 0x00000006c7700000|
|  10|0x00000006c7800000, 0x00000006c7800000, 0x00000006c7900000|  0%| F|  |TS  0|AC  0|TAMS 0x00000006c7800000, 0x00000006c7800000|
|  11|0x00000006c7900000, 0x00000006c7900000, 0x00000006c7a00000|  0%| F|  |TS  0|AC  0|TAMS 0x00000006c7900000, 0x00000006c7900000|
|  12|0x00000006c7a00000, 0x00000006c7a00000, 0x00000006c7b00000|  0%| F|  |TS  0|AC  0|TAMS 0x00000006c7a00000, 0x00000006c7a00000|
|  13|0x00000006c7b00000, 0x00000006c7b00000, 0x00000006c7c00000|  0%| F|  |TS  0|AC  0|TAMS 0x00000006c7b00000, 0x00000006c7b00000|
|  14|0x00000006c7c00000, 0x00000006c7c00000, 0x00000006c7d00000|  0%| F|  |TS  0|AC  0|TAMS 0x00000006c7c00000, 0x00000006c7c00000|
|  15|0x00000006c7d00000, 0x00000006c7d00000, 0x00000006c7e00000|  0%| F|  |TS  0|AC  0|TAMS 0x00000006c7d00000, 0x00000006c7d00000|
|  16|0x00000006c7e00000, 0x00000006c7e00000, 0x00000006c7f00000|  0%| F|  |TS  0|AC  0|TAMS 0x00000006c7e00000, 0x00000006c7e00000|
|  17|0x00000006c7f00000, 0x00000006c7f00000, 0x00000006c8000000|  0%| F|  |TS  0|AC  0|TAMS 0x00000006c7f00000, 0x00000006c7f00000|
|  18|0x00000006c8000000, 0x00000006c8000000, 0x00000006c8100000|  0%| F|  |TS  0|AC  0|TAMS 0x00000006c8000000, 0x00000006c8000000|
|  19|0x00000006c8100000, 0x00000006c8100000, 0x00000006c8200000|  0%| F|  |TS  0|AC  0|TAMS 0x00000006c8100000, 0x00000006c8100000|
|  20|0x00000006c8200000, 0x00000006c8200000, 0x00000006c8300000|  0%| F|  |TS  0|AC  0|TAMS 0x00000006c8200000, 0x00000006c8200000|
|  21|0x00000006c8300000, 0x00000006c8300000, 0x00000006c8400000|  0%| F|  |TS  0|AC  0|TAMS 0x00000006c8300000, 0x00000006c8300000|
|  22|0x00000006c8400000, 0x00000006c8400000, 0x00000006c8500000|  0%| F|  |TS  0|AC  0|TAMS 0x00000006c8400000, 0x00000006c8400000|
|  23|0x00000006c8500000, 0x00000006c8500000, 0x00000006c8600000|  0%| F|  |TS  0|AC  0|TAMS 0x00000006c8500000, 0x00000006c8500000|
|  24|0x00000006c8600000, 0x00000006c8600000, 0x00000006c8700000|  0%| F|  |TS  0|AC  0|TAMS 0x00000006c8600000, 0x00000006c8600000|
|  25|0x00000006c8700000, 0x00000006c8700000, 0x00000006c8800000|  0%| F|  |TS  0|AC  0|TAMS 0x00000006c8700000, 0x00000006c8700000|
|  26|0x00000006c8800000, 0x00000006c8800000, 0x00000006c8900000|  0%| F|  |TS  0|AC  0|TAMS 0x00000006c8800000, 0x00000006c8800000|
|  27|0x00000006c8900000, 0x00000006c8900000, 0x00000006c8a00000|  0%| F|  |TS  0|AC  0|TAMS 0x00000006c8900000, 0x00000006c8900000|
|  28|0x00000006c8a00000, 0x00000006c8a00000, 0x00000006c8b00000|  0%| F|  |TS  0|AC  0|TAMS 0x00000006c8a00000, 0x00000006c8a00000|
|  29|0x00000006c8b00000, 0x00000006c8b00000, 0x00000006c8c00000|  0%| F|  |TS  0|AC  0|TAMS 0x00000006c8b00000, 0x00000006c8b00000|
|  30|0x00000006c8c00000, 0x00000006c8c00000, 0x00000006c8d00000|  0%| F|  |TS  0|AC  0|TAMS 0x00000006c8c00000, 0x00000006c8c00000|
|  31|0x00000006c8d00000, 0x00000006c8d00000, 0x00000006c8e00000|  0%| F|  |TS  0|AC  0|TAMS 0x00000006c8d00000, 0x00000006c8d00000|
|  32|0x00000006c8e00000, 0x00000006c8e00000, 0x00000006c8f00000|  0%| F|  |TS  0|AC  0|TAMS 0x00000006c8e00000, 0x00000006c8e00000|
|  33|0x00000006c8f00000, 0x00000006c8f00000, 0x00000006c9000000|  0%| F|  |TS  0|AC  0|TAMS 0x00000006c8f00000, 0x00000006c8f00000|
|  34|0x00000006c9000000, 0x00000006c9000000, 0x00000006c9100000|  0%| F|  |TS  0|AC  0|TAMS 0x00000006c9000000, 0x00000006c9000000|
|  35|0x00000006c9100000, 0x00000006c9100000, 0x00000006c9200000|  0%| F|  |TS  0|AC  0|TAMS 0x00000006c9100000, 0x00000006c9100000|
|  36|0x00000006c9200000, 0x00000006c9200000, 0x00000006c9300000|  0%| F|  |TS  0|AC  0|TAMS 0x00000006c9200000, 0x00000006c9200000|
|  37|0x00000006c9300000, 0x00000006c9300000, 0x00000006c9400000|  0%| F|  |TS  0|AC  0|TAMS 0x00000006c9300000, 0x00000006c9300000|
|  38|0x00000006c9400000, 0x00000006c9400000, 0x00000006c9500000|  0%| F|  |TS  0|AC  0|TAMS 0x00000006c9400000, 0x00000006c9400000|
|  39|0x00000006c9500000, 0x00000006c9500000, 0x00000006c9600000|  0%| F|  |TS  0|AC  0|TAMS 0x00000006c9500000, 0x00000006c9500000|
|  40|0x00000006c9600000, 0x00000006c9600000, 0x00000006c9700000|  0%| F|  |TS  0|AC  0|TAMS 0x00000006c9600000, 0x00000006c9600000|
|  41|0x00000006c9700000, 0x00000006c9700000, 0x00000006c9800000|  0%| F|  |TS  0|AC  0|TAMS 0x00000006c9700000, 0x00000006c9700000|
|  42|0x00000006c9800000, 0x00000006c9800000, 0x00000006c9900000|  0%| F|  |TS  0|AC  0|TAMS 0x00000006c9800000, 0x00000006c9800000|
|  43|0x00000006c9900000, 0x00000006c9900000, 0x00000006c9a00000|  0%| F|  |TS  0|AC  0|TAMS 0x00000006c9900000, 0x00000006c9900000|
|  44|0x00000006c9a00000, 0x00000006c9a00000, 0x00000006c9b00000|  0%| F|  |TS  0|AC  0|TAMS 0x00000006c9a00000, 0x00000006c9a00000|
|  45|0x00000006c9b00000, 0x00000006c9b00000, 0x00000006c9c00000|  0%| F|  |TS  0|AC  0|TAMS 0x00000006c9b00000, 0x00000006c9b00000|
|  46|0x00000006c9c00000, 0x00000006c9c00000, 0x00000006c9d00000|  0%| F|  |TS  0|AC  0|TAMS 0x00000006c9c00000, 0x00000006c9c00000|
|  47|0x00000006c9d00000, 0x00000006c9d00000, 0x00000006c9e00000|  0%| F|  |TS  0|AC  0|TAMS 0x00000006c9d00000, 0x00000006c9d00000|
|  48|0x00000006c9e00000, 0x00000006c9e00000, 0x00000006c9f00000|  0%| F|  |TS  0|AC  0|TAMS 0x00000006c9e00000, 0x00000006c9e00000|
|  49|0x00000006c9f00000, 0x00000006c9f00000, 0x00000006ca000000|  0%| F|  |TS  0|AC  0|TAMS 0x00000006c9f00000, 0x00000006c9f00000|
|  50|0x00000006ca000000, 0x00000006ca000000, 0x00000006ca100000|  0%| F|  |TS  0|AC  0|TAMS 0x00000006ca000000, 0x00000006ca000000|
|  51|0x00000006ca100000, 0x00000006ca100000, 0x00000006ca200000|  0%| F|  |TS  0|AC  0|TAMS 0x00000006ca100000, 0x00000006ca100000|
|  52|0x00000006ca200000, 0x00000006ca200000, 0x00000006ca300000|  0%| F|  |TS  0|AC  0|TAMS 0x00000006ca200000, 0x00000006ca200000|
|  53|0x00000006ca300000, 0x00000006ca300000, 0x00000006ca400000|  0%| F|  |TS  0|AC  0|TAMS 0x00000006ca300000, 0x00000006ca300000|
|  54|0x00000006ca400000, 0x00000006ca400000, 0x00000006ca500000|  0%| F|  |TS  0|AC  0|TAMS 0x00000006ca400000, 0x00000006ca400000|
|  55|0x00000006ca500000, 0x00000006ca500000, 0x00000006ca600000|  0%| F|  |TS  0|AC  0|TAMS 0x00000006ca500000, 0x00000006ca500000|
|  56|0x00000006ca600000, 0x00000006ca600000, 0x00000006ca700000|  0%| F|  |TS  0|AC  0|TAMS 0x00000006ca600000, 0x00000006ca600000|
|  57|0x00000006ca700000, 0x00000006ca700000, 0x00000006ca800000|  0%| F|  |TS  0|AC  0|TAMS 0x00000006ca700000, 0x00000006ca700000|
|  58|0x00000006ca800000, 0x00000006ca800000, 0x00000006ca900000|  0%| F|  |TS  0|AC  0|TAMS 0x00000006ca800000, 0x00000006ca800000|
|  59|0x00000006ca900000, 0x00000006ca900000, 0x00000006caa00000|  0%| F|  |TS  0|AC  0|TAMS 0x00000006ca900000, 0x00000006ca900000|
|  60|0x00000006caa00000, 0x00000006caa00000, 0x00000006cab00000|  0%| F|  |TS  0|AC  0|TAMS 0x00000006caa00000, 0x00000006caa00000|
|  61|0x00000006cab00000, 0x00000006cab00000, 0x00000006cac00000|  0%| F|  |TS  0|AC  0|TAMS 0x00000006cab00000, 0x00000006cab00000|
|  62|0x00000006cac00000, 0x00000006cac00000, 0x00000006cad00000|  0%| F|  |TS  0|AC  0|TAMS 0x00000006cac00000, 0x00000006cac00000|
|  63|0x00000006cad00000, 0x00000006cad00000, 0x00000006cae00000|  0%| F|  |TS  0|AC  0|TAMS 0x00000006cad00000, 0x00000006cad00000|
|  64|0x00000006cae00000, 0x00000006cae00000, 0x00000006caf00000|  0%| F|  |TS  0|AC  0|TAMS 0x00000006cae00000, 0x00000006cae00000|
|  65|0x00000006caf00000, 0x00000006caf00000, 0x00000006cb000000|  0%| F|  |TS  0|AC  0|TAMS 0x00000006caf00000, 0x00000006caf00000|
|  66|0x00000006cb000000, 0x00000006cb000000, 0x00000006cb100000|  0%| F|  |TS  0|AC  0|TAMS 0x00000006cb000000, 0x00000006cb000000|
|  67|0x00000006cb100000, 0x00000006cb100000, 0x00000006cb200000|  0%| F|  |TS  0|AC  0|TAMS 0x00000006cb100000, 0x00000006cb100000|
|  68|0x00000006cb200000, 0x00000006cb200000, 0x00000006cb300000|  0%| F|  |TS  0|AC  0|TAMS 0x00000006cb200000, 0x00000006cb200000|
|  69|0x00000006cb300000, 0x00000006cb300000, 0x00000006cb400000|  0%| F|  |TS  0|AC  0|TAMS 0x00000006cb300000, 0x00000006cb300000|
|  70|0x00000006cb400000, 0x00000006cb400000, 0x00000006cb500000|  0%| F|  |TS  0|AC  0|TAMS 0x00000006cb400000, 0x00000006cb400000|
|  71|0x00000006cb500000, 0x00000006cb500000, 0x00000006cb600000|  0%| F|  |TS  0|AC  0|TAMS 0x00000006cb500000, 0x00000006cb500000|
|  72|0x00000006cb600000, 0x00000006cb600000, 0x00000006cb700000|  0%| F|  |TS  0|AC  0|TAMS 0x00000006cb600000, 0x00000006cb600000|
|  73|0x00000006cb700000, 0x00000006cb700000, 0x00000006cb800000|  0%| F|  |TS  0|AC  0|TAMS 0x00000006cb700000, 0x00000006cb700000|
|  74|0x00000006cb800000, 0x00000006cb800000, 0x00000006cb900000|  0%| F|  |TS  0|AC  0|TAMS 0x00000006cb800000, 0x00000006cb800000|
|  75|0x00000006cb900000, 0x00000006cb900000, 0x00000006cba00000|  0%| F|  |TS  0|AC  0|TAMS 0x00000006cb900000, 0x00000006cb900000|
|  76|0x00000006cba00000, 0x00000006cba00000, 0x00000006cbb00000|  0%| F|  |TS  0|AC  0|TAMS 0x00000006cba00000, 0x00000006cba00000|
|  77|0x00000006cbb00000, 0x00000006cbb00000, 0x00000006cbc00000|  0%| F|  |TS  0|AC  0|TAMS 0x00000006cbb00000, 0x00000006cbb00000|
|  78|0x00000006cbc00000, 0x00000006cbc00000, 0x00000006cbd00000|  0%| F|  |TS  0|AC  0|TAMS 0x00000006cbc00000, 0x00000006cbc00000|
|  79|0x00000006cbd00000, 0x00000006cbd00000, 0x00000006cbe00000|  0%| F|  |TS  0|AC  0|TAMS 0x00000006cbd00000, 0x00000006cbd00000|
|  80|0x00000006cbe00000, 0x00000006cbe00000, 0x00000006cbf00000|  0%| F|  |TS  0|AC  0|TAMS 0x00000006cbe00000, 0x00000006cbe00000|
|  81|0x00000006cbf00000, 0x00000006cbf00000, 0x00000006cc000000|  0%| F|  |TS  0|AC  0|TAMS 0x00000006cbf00000, 0x00000006cbf00000|
|  82|0x00000006cc000000, 0x00000006cc000000, 0x00000006cc100000|  0%| F|  |TS  0|AC  0|TAMS 0x00000006cc000000, 0x00000006cc000000|
|  83|0x00000006cc100000, 0x00000006cc100000, 0x00000006cc200000|  0%| F|  |TS  0|AC  0|TAMS 0x00000006cc100000, 0x00000006cc100000|
|  84|0x00000006cc200000, 0x00000006cc200000, 0x00000006cc300000|  0%| F|  |TS  0|AC  0|TAMS 0x00000006cc200000, 0x00000006cc200000|
|  85|0x00000006cc300000, 0x00000006cc300000, 0x00000006cc400000|  0%| F|  |TS  0|AC  0|TAMS 0x00000006cc300000, 0x00000006cc300000|
|  86|0x00000006cc400000, 0x00000006cc400000, 0x00000006cc500000|  0%| F|  |TS  0|AC  0|TAMS 0x00000006cc400000, 0x00000006cc400000|
|  87|0x00000006cc500000, 0x00000006cc500000, 0x00000006cc600000|  0%| F|  |TS  0|AC  0|TAMS 0x00000006cc500000, 0x00000006cc500000|
|  88|0x00000006cc600000, 0x00000006cc600000, 0x00000006cc700000|  0%| F|  |TS  0|AC  0|TAMS 0x00000006cc600000, 0x00000006cc600000|
|  89|0x00000006cc700000, 0x00000006cc700000, 0x00000006cc800000|  0%| F|  |TS  0|AC  0|TAMS 0x00000006cc700000, 0x00000006cc700000|
|  90|0x00000006cc800000, 0x00000006cc800000, 0x00000006cc900000|  0%| F|  |TS  0|AC  0|TAMS 0x00000006cc800000, 0x00000006cc800000|
|  91|0x00000006cc900000, 0x00000006cc900000, 0x00000006cca00000|  0%| F|  |TS  0|AC  0|TAMS 0x00000006cc900000, 0x00000006cc900000|
|  92|0x00000006cca00000, 0x00000006cca00000, 0x00000006ccb00000|  0%| F|  |TS  0|AC  0|TAMS 0x00000006cca00000, 0x00000006cca00000|
|  93|0x00000006ccb00000, 0x00000006ccb00000, 0x00000006ccc00000|  0%| F|  |TS  0|AC  0|TAMS 0x00000006ccb00000, 0x00000006ccb00000|
|  94|0x00000006ccc00000, 0x00000006ccc00000, 0x00000006ccd00000|  0%| F|  |TS  0|AC  0|TAMS 0x00000006ccc00000, 0x00000006ccc00000|
|  95|0x00000006ccd00000, 0x00000006ccd00000, 0x00000006cce00000|  0%| F|  |TS  0|AC  0|TAMS 0x00000006ccd00000, 0x00000006ccd00000|
|  96|0x00000006cce00000, 0x00000006cce00000, 0x00000006ccf00000|  0%| F|  |TS  0|AC  0|TAMS 0x00000006cce00000, 0x00000006cce00000|
|  97|0x00000006ccf00000, 0x00000006ccf00000, 0x00000006cd000000|  0%| F|  |TS  0|AC  0|TAMS 0x00000006ccf00000, 0x00000006ccf00000|
|  98|0x00000006cd000000, 0x00000006cd000000, 0x00000006cd100000|  0%| F|  |TS  0|AC  0|TAMS 0x00000006cd000000, 0x00000006cd000000|
|  99|0x00000006cd100000, 0x00000006cd100000, 0x00000006cd200000|  0%| F|  |TS  0|AC  0|TAMS 0x00000006cd100000, 0x00000006cd100000|
| 100|0x00000006cd200000, 0x00000006cd200000, 0x00000006cd300000|  0%| F|  |TS  0|AC  0|TAMS 0x00000006cd200000, 0x00000006cd200000|
| 101|0x00000006cd300000, 0x00000006cd300000, 0x00000006cd400000|  0%| F|  |TS  0|AC  0|TAMS 0x00000006cd300000, 0x00000006cd300000|
| 102|0x00000006cd400000, 0x00000006cd400000, 0x00000006cd500000|  0%| F|  |TS  0|AC  0|TAMS 0x00000006cd400000, 0x00000006cd400000|
| 103|0x00000006cd500000, 0x00000006cd500000, 0x00000006cd600000|  0%| F|  |TS  0|AC  0|TAMS 0x00000006cd500000, 0x00000006cd500000|
| 104|0x00000006cd600000, 0x00000006cd600000, 0x00000006cd700000|  0%| F|  |TS  0|AC  0|TAMS 0x00000006cd600000, 0x00000006cd600000|
| 105|0x00000006cd700000, 0x00000006cd700000, 0x00000006cd800000|  0%| F|  |TS  0|AC  0|TAMS 0x00000006cd700000, 0x00000006cd700000|
| 106|0x00000006cd800000, 0x00000006cd800000, 0x00000006cd900000|  0%| F|  |TS  0|AC  0|TAMS 0x00000006cd800000, 0x00000006cd800000|
| 107|0x00000006cd900000, 0x00000006cd900000, 0x00000006cda00000|  0%| F|  |TS  0|AC  0|TAMS 0x00000006cd900000, 0x00000006cd900000|
| 108|0x00000006cda00000, 0x00000006cda00000, 0x00000006cdb00000|  0%| F|  |TS  0|AC  0|TAMS 0x00000006cda00000, 0x00000006cda00000|
| 109|0x00000006cdb00000, 0x00000006cdb00000, 0x00000006cdc00000|  0%| F|  |TS  0|AC  0|TAMS 0x00000006cdb00000, 0x00000006cdb00000|
| 110|0x00000006cdc00000, 0x00000006cdc00000, 0x00000006cdd00000|  0%| F|  |TS  0|AC  0|TAMS 0x00000006cdc00000, 0x00000006cdc00000|
| 111|0x00000006cdd00000, 0x00000006cdd00000, 0x00000006cde00000|  0%| F|  |TS  0|AC  0|TAMS 0x00000006cdd00000, 0x00000006cdd00000|
| 112|0x00000006cde00000, 0x00000006cde00000, 0x00000006cdf00000|  0%| F|  |TS  0|AC  0|TAMS 0x00000006cde00000, 0x00000006cde00000|
| 113|0x00000006cdf00000, 0x00000006cdf00000, 0x00000006ce000000|  0%| F|  |TS  0|AC  0|TAMS 0x00000006cdf00000, 0x00000006cdf00000|
| 114|0x00000006ce000000, 0x00000006ce000000, 0x00000006ce100000|  0%| F|  |TS  0|AC  0|TAMS 0x00000006ce000000, 0x00000006ce000000|
| 115|0x00000006ce100000, 0x00000006ce100000, 0x00000006ce200000|  0%| F|  |TS  0|AC  0|TAMS 0x00000006ce100000, 0x00000006ce100000|
| 116|0x00000006ce200000, 0x00000006ce200000, 0x00000006ce300000|  0%| F|  |TS  0|AC  0|TAMS 0x00000006ce200000, 0x00000006ce200000|
| 117|0x00000006ce300000, 0x00000006ce300000, 0x00000006ce400000|  0%| F|  |TS  0|AC  0|TAMS 0x00000006ce300000, 0x00000006ce300000|
| 118|0x00000006ce400000, 0x00000006ce400000, 0x00000006ce500000|  0%| F|  |TS  0|AC  0|TAMS 0x00000006ce400000, 0x00000006ce400000|
| 119|0x00000006ce500000, 0x00000006ce500000, 0x00000006ce600000|  0%| F|  |TS  0|AC  0|TAMS 0x00000006ce500000, 0x00000006ce500000|
| 120|0x00000006ce600000, 0x00000006ce600000, 0x00000006ce700000|  0%| F|  |TS  0|AC  0|TAMS 0x00000006ce600000, 0x00000006ce600000|
| 121|0x00000006ce700000, 0x00000006ce700000, 0x00000006ce800000|  0%| F|  |TS  0|AC  0|TAMS 0x00000006ce700000, 0x00000006ce700000|
| 122|0x00000006ce800000, 0x00000006ce800000, 0x00000006ce900000|  0%| F|  |TS  0|AC  0|TAMS 0x00000006ce800000, 0x00000006ce800000|
| 123|0x00000006ce900000, 0x00000006ce900000, 0x00000006cea00000|  0%| F|  |TS  0|AC  0|TAMS 0x00000006ce900000, 0x00000006ce900000|
| 124|0x00000006cea00000, 0x00000006cea00000, 0x00000006ceb00000|  0%| F|  |TS  0|AC  0|TAMS 0x00000006cea00000, 0x00000006cea00000|
| 125|0x00000006ceb00000, 0x00000006ceb00000, 0x00000006cec00000|  0%| F|  |TS  0|AC  0|TAMS 0x00000006ceb00000, 0x00000006ceb00000|
| 126|0x00000006cec00000, 0x00000006cec00000, 0x00000006ced00000|  0%| F|  |TS  0|AC  0|TAMS 0x00000006cec00000, 0x00000006cec00000|
| 127|0x00000006ced00000, 0x00000006ced00000, 0x00000006cee00000|  0%| F|  |TS  0|AC  0|TAMS 0x00000006ced00000, 0x00000006ced00000|
| 128|0x00000006cee00000, 0x00000006cee00000, 0x00000006cef00000|  0%| F|  |TS  0|AC  0|TAMS 0x00000006cee00000, 0x00000006cee00000|
| 129|0x00000006cef00000, 0x00000006cef00000, 0x00000006cf000000|  0%| F|  |TS  0|AC  0|TAMS 0x00000006cef00000, 0x00000006cef00000|
| 130|0x00000006cf000000, 0x00000006cf000000, 0x00000006cf100000|  0%| F|  |TS  0|AC  0|TAMS 0x00000006cf000000, 0x00000006cf000000|
| 131|0x00000006cf100000, 0x00000006cf100000, 0x00000006cf200000|  0%| F|  |TS  0|AC  0|TAMS 0x00000006cf100000, 0x00000006cf100000|
| 132|0x00000006cf200000, 0x00000006cf200000, 0x00000006cf300000|  0%| F|  |TS  0|AC  0|TAMS 0x00000006cf200000, 0x00000006cf200000|
| 133|0x00000006cf300000, 0x00000006cf300000, 0x00000006cf400000|  0%| F|  |TS  0|AC  0|TAMS 0x00000006cf300000, 0x00000006cf300000|
| 134|0x00000006cf400000, 0x00000006cf400000, 0x00000006cf500000|  0%| F|  |TS  0|AC  0|TAMS 0x00000006cf400000, 0x00000006cf400000|
| 135|0x00000006cf500000, 0x00000006cf500000, 0x00000006cf600000|  0%| F|  |TS  0|AC  0|TAMS 0x00000006cf500000, 0x00000006cf500000|
| 136|0x00000006cf600000, 0x00000006cf600000, 0x00000006cf700000|  0%| F|  |TS  0|AC  0|TAMS 0x00000006cf600000, 0x00000006cf600000|
| 137|0x00000006cf700000, 0x00000006cf700000, 0x00000006cf800000|  0%| F|  |TS  0|AC  0|TAMS 0x00000006cf700000, 0x00000006cf700000|
| 138|0x00000006cf800000, 0x00000006cf800000, 0x00000006cf900000|  0%| F|  |TS  0|AC  0|TAMS 0x00000006cf800000, 0x00000006cf800000|
| 139|0x00000006cf900000, 0x00000006cf900000, 0x00000006cfa00000|  0%| F|  |TS  0|AC  0|TAMS 0x00000006cf900000, 0x00000006cf900000|
| 140|0x00000006cfa00000, 0x00000006cfa00000, 0x00000006cfb00000|  0%| F|  |TS  0|AC  0|TAMS 0x00000006cfa00000, 0x00000006cfa00000|
| 141|0x00000006cfb00000, 0x00000006cfb00000, 0x00000006cfc00000|  0%| F|  |TS  0|AC  0|TAMS 0x00000006cfb00000, 0x00000006cfb00000|
| 142|0x00000006cfc00000, 0x00000006cfc00000, 0x00000006cfd00000|  0%| F|  |TS  0|AC  0|TAMS 0x00000006cfc00000, 0x00000006cfc00000|
| 143|0x00000006cfd00000, 0x00000006cfd00000, 0x00000006cfe00000|  0%| F|  |TS  0|AC  0|TAMS 0x00000006cfd00000, 0x00000006cfd00000|
| 144|0x00000006cfe00000, 0x00000006cfe00000, 0x00000006cff00000|  0%| F|  |TS  0|AC  0|TAMS 0x00000006cfe00000, 0x00000006cfe00000|
| 145|0x00000006cff00000, 0x00000006cff00000, 0x00000006d0000000|  0%| F|  |TS  0|AC  0|TAMS 0x00000006cff00000, 0x00000006cff00000|
| 146|0x00000006d0000000, 0x00000006d0000000, 0x00000006d0100000|  0%| F|  |TS  0|AC  0|TAMS 0x00000006d0000000, 0x00000006d0000000|
| 147|0x00000006d0100000, 0x00000006d0100000, 0x00000006d0200000|  0%| F|  |TS  0|AC  0|TAMS 0x00000006d0100000, 0x00000006d0100000|
| 148|0x00000006d0200000, 0x00000006d0200000, 0x00000006d0300000|  0%| F|  |TS  0|AC  0|TAMS 0x00000006d0200000, 0x00000006d0200000|
| 149|0x00000006d0300000, 0x00000006d0300000, 0x00000006d0400000|  0%| F|  |TS  0|AC  0|TAMS 0x00000006d0300000, 0x00000006d0300000|
| 150|0x00000006d0400000, 0x00000006d0400000, 0x00000006d0500000|  0%| F|  |TS  0|AC  0|TAMS 0x00000006d0400000, 0x00000006d0400000|
| 151|0x00000006d0500000, 0x00000006d0500000, 0x00000006d0600000|  0%| F|  |TS  0|AC  0|TAMS 0x00000006d0500000, 0x00000006d0500000|
| 152|0x00000006d0600000, 0x00000006d0600000, 0x00000006d0700000|  0%| F|  |TS  0|AC  0|TAMS 0x00000006d0600000, 0x00000006d0600000|
| 153|0x00000006d0700000, 0x00000006d0700000, 0x00000006d0800000|  0%| F|  |TS  0|AC  0|TAMS 0x00000006d0700000, 0x00000006d0700000|
| 154|0x00000006d0800000, 0x00000006d0800000, 0x00000006d0900000|  0%| F|  |TS  0|AC  0|TAMS 0x00000006d0800000, 0x00000006d0800000|
| 155|0x00000006d0900000, 0x00000006d0900000, 0x00000006d0a00000|  0%| F|  |TS  0|AC  0|TAMS 0x00000006d0900000, 0x00000006d0900000|
| 156|0x00000006d0a00000, 0x00000006d0a00000, 0x00000006d0b00000|  0%| F|  |TS  0|AC  0|TAMS 0x00000006d0a00000, 0x00000006d0a00000|
| 157|0x00000006d0b00000, 0x00000006d0b00000, 0x00000006d0c00000|  0%| F|  |TS  0|AC  0|TAMS 0x00000006d0b00000, 0x00000006d0b00000|
| 158|0x00000006d0c00000, 0x00000006d0c00000, 0x00000006d0d00000|  0%| F|  |TS  0|AC  0|TAMS 0x00000006d0c00000, 0x00000006d0c00000|
| 159|0x00000006d0d00000, 0x00000006d0d00000, 0x00000006d0e00000|  0%| F|  |TS  0|AC  0|TAMS 0x00000006d0d00000, 0x00000006d0d00000|
| 160|0x00000006d0e00000, 0x00000006d0e00000, 0x00000006d0f00000|  0%| F|  |TS  0|AC  0|TAMS 0x00000006d0e00000, 0x00000006d0e00000|
| 161|0x00000006d0f00000, 0x00000006d0f00000, 0x00000006d1000000|  0%| F|  |TS  0|AC  0|TAMS 0x00000006d0f00000, 0x00000006d0f00000|
| 162|0x00000006d1000000, 0x00000006d1000000, 0x00000006d1100000|  0%| F|  |TS  0|AC  0|TAMS 0x00000006d1000000, 0x00000006d1000000|
| 163|0x00000006d1100000, 0x00000006d1100000, 0x00000006d1200000|  0%| F|  |TS  0|AC  0|TAMS 0x00000006d1100000, 0x00000006d1100000|
| 164|0x00000006d1200000, 0x00000006d1200000, 0x00000006d1300000|  0%| F|  |TS  0|AC  0|TAMS 0x00000006d1200000, 0x00000006d1200000|
| 165|0x00000006d1300000, 0x00000006d1300000, 0x00000006d1400000|  0%| F|  |TS  0|AC  0|TAMS 0x00000006d1300000, 0x00000006d1300000|
| 166|0x00000006d1400000, 0x00000006d1400000, 0x00000006d1500000|  0%| F|  |TS  0|AC  0|TAMS 0x00000006d1400000, 0x00000006d1400000|
| 167|0x00000006d1500000, 0x00000006d1500000, 0x00000006d1600000|  0%| F|  |TS  0|AC  0|TAMS 0x00000006d1500000, 0x00000006d1500000|
| 168|0x00000006d1600000, 0x00000006d1600000, 0x00000006d1700000|  0%| F|  |TS  0|AC  0|TAMS 0x00000006d1600000, 0x00000006d1600000|
| 169|0x00000006d1700000, 0x00000006d1700000, 0x00000006d1800000|  0%| F|  |TS  0|AC  0|TAMS 0x00000006d1700000, 0x00000006d1700000|
| 170|0x00000006d1800000, 0x00000006d1800000, 0x00000006d1900000|  0%| F|  |TS  0|AC  0|TAMS 0x00000006d1800000, 0x00000006d1800000|
| 171|0x00000006d1900000, 0x00000006d1900000, 0x00000006d1a00000|  0%| F|  |TS  0|AC  0|TAMS 0x00000006d1900000, 0x00000006d1900000|
| 172|0x00000006d1a00000, 0x00000006d1a00000, 0x00000006d1b00000|  0%| F|  |TS  0|AC  0|TAMS 0x00000006d1a00000, 0x00000006d1a00000|
| 173|0x00000006d1b00000, 0x00000006d1b00000, 0x00000006d1c00000|  0%| F|  |TS  0|AC  0|TAMS 0x00000006d1b00000, 0x00000006d1b00000|
| 174|0x00000006d1c00000, 0x00000006d1c00000, 0x00000006d1d00000|  0%| F|  |TS  0|AC  0|TAMS 0x00000006d1c00000, 0x00000006d1c00000|
| 175|0x00000006d1d00000, 0x00000006d1d00000, 0x00000006d1e00000|  0%| F|  |TS  0|AC  0|TAMS 0x00000006d1d00000, 0x00000006d1d00000|
| 176|0x00000006d1e00000, 0x00000006d1e00000, 0x00000006d1f00000|  0%| F|  |TS  0|AC  0|TAMS 0x00000006d1e00000, 0x00000006d1e00000|
| 177|0x00000006d1f00000, 0x00000006d1f00000, 0x00000006d2000000|  0%| F|  |TS  0|AC  0|TAMS 0x00000006d1f00000, 0x00000006d1f00000|
| 178|0x00000006d2000000, 0x00000006d2000000, 0x00000006d2100000|  0%| F|  |TS  0|AC  0|TAMS 0x00000006d2000000, 0x00000006d2000000|
| 179|0x00000006d2100000, 0x00000006d2100000, 0x00000006d2200000|  0%| F|  |TS  0|AC  0|TAMS 0x00000006d2100000, 0x00000006d2100000|
| 180|0x00000006d2200000, 0x00000006d2200000, 0x00000006d2300000|  0%| F|  |TS  0|AC  0|TAMS 0x00000006d2200000, 0x00000006d2200000|
| 181|0x00000006d2300000, 0x00000006d2300000, 0x00000006d2400000|  0%| F|  |TS  0|AC  0|TAMS 0x00000006d2300000, 0x00000006d2300000|
| 182|0x00000006d2400000, 0x00000006d2400000, 0x00000006d2500000|  0%| F|  |TS  0|AC  0|TAMS 0x00000006d2400000, 0x00000006d2400000|
| 183|0x00000006d2500000, 0x00000006d2500000, 0x00000006d2600000|  0%| F|  |TS  0|AC  0|TAMS 0x00000006d2500000, 0x00000006d2500000|
| 184|0x00000006d2600000, 0x00000006d2600000, 0x00000006d2700000|  0%| F|  |TS  0|AC  0|TAMS 0x00000006d2600000, 0x00000006d2600000|
| 185|0x00000006d2700000, 0x00000006d2700000, 0x00000006d2800000|  0%| F|  |TS  0|AC  0|TAMS 0x00000006d2700000, 0x00000006d2700000|
| 186|0x00000006d2800000, 0x00000006d2800000, 0x00000006d2900000|  0%| F|  |TS  0|AC  0|TAMS 0x00000006d2800000, 0x00000006d2800000|
| 187|0x00000006d2900000, 0x00000006d2900000, 0x00000006d2a00000|  0%| F|  |TS  0|AC  0|TAMS 0x00000006d2900000, 0x00000006d2900000|
| 188|0x00000006d2a00000, 0x00000006d2a00000, 0x00000006d2b00000|  0%| F|  |TS  0|AC  0|TAMS 0x00000006d2a00000, 0x00000006d2a00000|
| 189|0x00000006d2b00000, 0x00000006d2b00000, 0x00000006d2c00000|  0%| F|  |TS  0|AC  0|TAMS 0x00000006d2b00000, 0x00000006d2b00000|
| 190|0x00000006d2c00000, 0x00000006d2c00000, 0x00000006d2d00000|  0%| F|  |TS  0|AC  0|TAMS 0x00000006d2c00000, 0x00000006d2c00000|
| 191|0x00000006d2d00000, 0x00000006d2d00000, 0x00000006d2e00000|  0%| F|  |TS  0|AC  0|TAMS 0x00000006d2d00000, 0x00000006d2d00000|
| 192|0x00000006d2e00000, 0x00000006d2e00000, 0x00000006d2f00000|  0%| F|  |TS  0|AC  0|TAMS 0x00000006d2e00000, 0x00000006d2e00000|
| 193|0x00000006d2f00000, 0x00000006d2f00000, 0x00000006d3000000|  0%| F|  |TS  0|AC  0|TAMS 0x00000006d2f00000, 0x00000006d2f00000|
| 194|0x00000006d3000000, 0x00000006d3000000, 0x00000006d3100000|  0%| F|  |TS  0|AC  0|TAMS 0x00000006d3000000, 0x00000006d3000000|
| 195|0x00000006d3100000, 0x00000006d3100000, 0x00000006d3200000|  0%| F|  |TS  0|AC  0|TAMS 0x00000006d3100000, 0x00000006d3100000|
| 196|0x00000006d3200000, 0x00000006d3200000, 0x00000006d3300000|  0%| F|  |TS  0|AC  0|TAMS 0x00000006d3200000, 0x00000006d3200000|
| 197|0x00000006d3300000, 0x00000006d3300000, 0x00000006d3400000|  0%| F|  |TS  0|AC  0|TAMS 0x00000006d3300000, 0x00000006d3300000|
| 198|0x00000006d3400000, 0x00000006d3400000, 0x00000006d3500000|  0%| F|  |TS  0|AC  0|TAMS 0x00000006d3400000, 0x00000006d3400000|
| 199|0x00000006d3500000, 0x00000006d3500000, 0x00000006d3600000|  0%| F|  |TS  0|AC  0|TAMS 0x00000006d3500000, 0x00000006d3500000|
| 200|0x00000006d3600000, 0x00000006d3600000, 0x00000006d3700000|  0%| F|  |TS  0|AC  0|TAMS 0x00000006d3600000, 0x00000006d3600000|
| 201|0x00000006d3700000, 0x00000006d3700000, 0x00000006d3800000|  0%| F|  |TS  0|AC  0|TAMS 0x00000006d3700000, 0x00000006d3700000|
| 202|0x00000006d3800000, 0x00000006d3800000, 0x00000006d3900000|  0%| F|  |TS  0|AC  0|TAMS 0x00000006d3800000, 0x00000006d3800000|
| 203|0x00000006d3900000, 0x00000006d3900000, 0x00000006d3a00000|  0%| F|  |TS  0|AC  0|TAMS 0x00000006d3900000, 0x00000006d3900000|
| 204|0x00000006d3a00000, 0x00000006d3a00000, 0x00000006d3b00000|  0%| F|  |TS  0|AC  0|TAMS 0x00000006d3a00000, 0x00000006d3a00000|
| 205|0x00000006d3b00000, 0x00000006d3b00000, 0x00000006d3c00000|  0%| F|  |TS  0|AC  0|TAMS 0x00000006d3b00000, 0x00000006d3b00000|
| 206|0x00000006d3c00000, 0x00000006d3c00000, 0x00000006d3d00000|  0%| F|  |TS  0|AC  0|TAMS 0x00000006d3c00000, 0x00000006d3c00000|
| 207|0x00000006d3d00000, 0x00000006d3d00000, 0x00000006d3e00000|  0%| F|  |TS  0|AC  0|TAMS 0x00000006d3d00000, 0x00000006d3d00000|
| 208|0x00000006d3e00000, 0x00000006d3e00000, 0x00000006d3f00000|  0%| F|  |TS  0|AC  0|TAMS 0x00000006d3e00000, 0x00000006d3e00000|
| 209|0x00000006d3f00000, 0x00000006d3f00000, 0x00000006d4000000|  0%| F|  |TS  0|AC  0|TAMS 0x00000006d3f00000, 0x00000006d3f00000|
| 210|0x00000006d4000000, 0x00000006d4000000, 0x00000006d4100000|  0%| F|  |TS  0|AC  0|TAMS 0x00000006d4000000, 0x00000006d4000000|
| 211|0x00000006d4100000, 0x00000006d4100000, 0x00000006d4200000|  0%| F|  |TS  0|AC  0|TAMS 0x00000006d4100000, 0x00000006d4100000|
| 212|0x00000006d4200000, 0x00000006d4200000, 0x00000006d4300000|  0%| F|  |TS  0|AC  0|TAMS 0x00000006d4200000, 0x00000006d4200000|
| 213|0x00000006d4300000, 0x00000006d4300000, 0x00000006d4400000|  0%| F|  |TS  0|AC  0|TAMS 0x00000006d4300000, 0x00000006d4300000|
| 214|0x00000006d4400000, 0x00000006d4400000, 0x00000006d4500000|  0%| F|  |TS  0|AC  0|TAMS 0x00000006d4400000, 0x00000006d4400000|
| 215|0x00000006d4500000, 0x00000006d4500000, 0x00000006d4600000|  0%| F|  |TS  0|AC  0|TAMS 0x00000006d4500000, 0x00000006d4500000|
| 216|0x00000006d4600000, 0x00000006d4600000, 0x00000006d4700000|  0%| F|  |TS  0|AC  0|TAMS 0x00000006d4600000, 0x00000006d4600000|
| 217|0x00000006d4700000, 0x00000006d4700000, 0x00000006d4800000|  0%| F|  |TS  0|AC  0|TAMS 0x00000006d4700000, 0x00000006d4700000|
| 218|0x00000006d4800000, 0x00000006d4800000, 0x00000006d4900000|  0%| F|  |TS  0|AC  0|TAMS 0x00000006d4800000, 0x00000006d4800000|
| 219|0x00000006d4900000, 0x00000006d4900000, 0x00000006d4a00000|  0%| F|  |TS  0|AC  0|TAMS 0x00000006d4900000, 0x00000006d4900000|
| 220|0x00000006d4a00000, 0x00000006d4a00000, 0x00000006d4b00000|  0%| F|  |TS  0|AC  0|TAMS 0x00000006d4a00000, 0x00000006d4a00000|
| 221|0x00000006d4b00000, 0x00000006d4b00000, 0x00000006d4c00000|  0%| F|  |TS  0|AC  0|TAMS 0x00000006d4b00000, 0x00000006d4b00000|
| 222|0x00000006d4c00000, 0x00000006d4c00000, 0x00000006d4d00000|  0%| F|  |TS  0|AC  0|TAMS 0x00000006d4c00000, 0x00000006d4c00000|
| 223|0x00000006d4d00000, 0x00000006d4d00000, 0x00000006d4e00000|  0%| F|  |TS  0|AC  0|TAMS 0x00000006d4d00000, 0x00000006d4d00000|
| 224|0x00000006d4e00000, 0x00000006d4e00000, 0x00000006d4f00000|  0%| F|  |TS  0|AC  0|TAMS 0x00000006d4e00000, 0x00000006d4e00000|
| 225|0x00000006d4f00000, 0x00000006d4f00000, 0x00000006d5000000|  0%| F|  |TS  0|AC  0|TAMS 0x00000006d4f00000, 0x00000006d4f00000|
| 226|0x00000006d5000000, 0x00000006d5000000, 0x00000006d5100000|  0%| F|  |TS  0|AC  0|TAMS 0x00000006d5000000, 0x00000006d5000000|
| 227|0x00000006d5100000, 0x00000006d5100000, 0x00000006d5200000|  0%| F|  |TS  0|AC  0|TAMS 0x00000006d5100000, 0x00000006d5100000|
| 228|0x00000006d5200000, 0x00000006d5200000, 0x00000006d5300000|  0%| F|  |TS  0|AC  0|TAMS 0x00000006d5200000, 0x00000006d5200000|
| 229|0x00000006d5300000, 0x00000006d5300000, 0x00000006d5400000|  0%| F|  |TS  0|AC  0|TAMS 0x00000006d5300000, 0x00000006d5300000|
| 230|0x00000006d5400000, 0x00000006d5400000, 0x00000006d5500000|  0%| F|  |TS  0|AC  0|TAMS 0x00000006d5400000, 0x00000006d5400000|
| 231|0x00000006d5500000, 0x00000006d5500000, 0x00000006d5600000|  0%| F|  |TS  0|AC  0|TAMS 0x00000006d5500000, 0x00000006d5500000|
| 232|0x00000006d5600000, 0x00000006d5600000, 0x00000006d5700000|  0%| F|  |TS  0|AC  0|TAMS 0x00000006d5600000, 0x00000006d5600000|
| 233|0x00000006d5700000, 0x00000006d5700000, 0x00000006d5800000|  0%| F|  |TS  0|AC  0|TAMS 0x00000006d5700000, 0x00000006d5700000|
| 234|0x00000006d5800000, 0x00000006d5800000, 0x00000006d5900000|  0%| F|  |TS  0|AC  0|TAMS 0x00000006d5800000, 0x00000006d5800000|
| 235|0x00000006d5900000, 0x00000006d5900000, 0x00000006d5a00000|  0%| F|  |TS  0|AC  0|TAMS 0x00000006d5900000, 0x00000006d5900000|
| 236|0x00000006d5a00000, 0x00000006d5a00000, 0x00000006d5b00000|  0%| F|  |TS  0|AC  0|TAMS 0x00000006d5a00000, 0x00000006d5a00000|
| 237|0x00000006d5b00000, 0x00000006d5b00000, 0x00000006d5c00000|  0%| F|  |TS  0|AC  0|TAMS 0x00000006d5b00000, 0x00000006d5b00000|
| 238|0x00000006d5c00000, 0x00000006d5c00000, 0x00000006d5d00000|  0%| F|  |TS  0|AC  0|TAMS 0x00000006d5c00000, 0x00000006d5c00000|
| 239|0x00000006d5d00000, 0x00000006d5d00000, 0x00000006d5e00000|  0%| F|  |TS  0|AC  0|TAMS 0x00000006d5d00000, 0x00000006d5d00000|
| 240|0x00000006d5e00000, 0x00000006d5e00000, 0x00000006d5f00000|  0%| F|  |TS  0|AC  0|TAMS 0x00000006d5e00000, 0x00000006d5e00000|
| 241|0x00000006d5f00000, 0x00000006d5f00000, 0x00000006d6000000|  0%| F|  |TS  0|AC  0|TAMS 0x00000006d5f00000, 0x00000006d5f00000|
| 242|0x00000006d6000000, 0x00000006d607b6d0, 0x00000006d6100000| 48%| E|  |TS  0|AC  0|TAMS 0x00000006d6000000, 0x00000006d6000000|
| 243|0x00000006d6100000, 0x00000006d6200000, 0x00000006d6200000|100%| E|CS|TS  0|AC  0|TAMS 0x00000006d6100000, 0x00000006d6100000|
| 244|0x00000006d6200000, 0x00000006d6300000, 0x00000006d6300000|100%| E|CS|TS  0|AC  0|TAMS 0x00000006d6200000, 0x00000006d6200000|
| 245|0x00000006d6300000, 0x00000006d6400000, 0x00000006d6400000|100%| E|CS|TS  0|AC  0|TAMS 0x00000006d6300000, 0x00000006d6300000|
| 246|0x00000006d6400000, 0x00000006d6500000, 0x00000006d6500000|100%| E|CS|TS  0|AC  0|TAMS 0x00000006d6400000, 0x00000006d6400000|
| 247|0x00000006d6500000, 0x00000006d6600000, 0x00000006d6600000|100%| E|CS|TS  0|AC  0|TAMS 0x00000006d6500000, 0x00000006d6500000|
| 248|0x00000006d6600000, 0x00000006d6700000, 0x00000006d6700000|100%| E|CS|TS  0|AC  0|TAMS 0x00000006d6600000, 0x00000006d6600000|
| 249|0x00000006d6700000, 0x00000006d6800000, 0x00000006d6800000|100%| E|CS|TS  0|AC  0|TAMS 0x00000006d6700000, 0x00000006d6700000|

Card table byte_map: [0x00007f4ed82f4000,0x00007f4ed8abd000] byte_map_base: 0x00007f4ed4cbd000

Marking Bits (Prev, Next): (CMBitMap*) 0x00007f4ef00881e0, (CMBitMap*) 0x00007f4ef0088238
 Prev Bits: [0x00007f4eaf9ef000, 0x00007f4eb3837000)
 Next Bits: [0x00007f4eabba7000, 0x00007f4eaf9ef000)

Polling page: 0x00007f4ef889e000

CodeHeap 'non-nmethods': size=5696Kb used=1244Kb max_used=1255Kb free=4451Kb
 bounds [0x00007f4ed9c51000, 0x00007f4ed9ec1000, 0x00007f4eda1e1000]
CodeHeap 'profiled nmethods': size=120032Kb used=949Kb max_used=949Kb free=119082Kb
 bounds [0x00007f4eda1e1000, 0x00007f4eda451000, 0x00007f4ee1719000]
CodeHeap 'non-profiled nmethods': size=120032Kb used=182Kb max_used=182Kb free=119849Kb
 bounds [0x00007f4ee1719000, 0x00007f4ee1989000, 0x00007f4ee8c51000]
 total_blobs=1216 nmethods=580 adapters=411
 compilation: enabled

Compilation events (10 events):
Event: 5.598 Thread 0x00007f4ef021c800  575       3       java.lang.invoke.MethodHandles::access$100 (4 bytes)
Event: 5.598 Thread 0x00007f4ef021c800 nmethod 575 0x00007f4eda2c4f10 code [0x00007f4eda2c5080, 0x00007f4eda2c51b0]
Event: 5.599 Thread 0x00007f4ef021a800 nmethod 561 0x00007f4ee1745090 code [0x00007f4ee1745220, 0x00007f4ee17456d8]
Event: 5.599 Thread 0x00007f4ef021a800  578       4       java.lang.StringLatin1::equals (36 bytes)
Event: 5.600 Thread 0x00007f4ef0219000 nmethod 559 0x00007f4ee1745910 code [0x00007f4ee1745aa0, 0x00007f4ee1745f58]
Event: 5.600 Thread 0x00007f4ef0219000  570       4       java.lang.StringLatin1::inflate (34 bytes)
Event: 5.602 Thread 0x00007f4ef021a800 nmethod 578 0x00007f4ee1746210 code [0x00007f4ee1746380, 0x00007f4ee17464f8]
Event: 5.602 Thread 0x00007f4ef021a800  574       4       java.util.Properties::saveConvert (434 bytes)
Event: 5.603 Thread 0x00007f4ef021c800  577       3       jdk.internal.org.objectweb.asm.MethodWriter::visitMaxs (1159 bytes)
Event: 5.606 Thread 0x00007f4ef0219000 nmethod 570 0x00007f4ee1746610 code [0x00007f4ee1746760, 0x00007f4ee1746a58]

GC Heap History (0 events):
No events

Deoptimization events (10 events):
Event: 0.569 Thread 0x00007f4ef03d8000 Uncommon trap: reason=bimorphic_or_optimized_type_check action=maybe_recompile pc=0x00007f4ee173af38 method=java.util.HashMap.getNode(ILjava/lang/Object;)Ljava/util/HashMap$Node; @ 126
Event: 0.569 Thread 0x00007f4ef03d8000 Uncommon trap: reason=bimorphic_or_optimized_type_check action=maybe_recompile pc=0x00007f4ee173af38 method=java.util.HashMap.getNode(ILjava/lang/Object;)Ljava/util/HashMap$Node; @ 126
Event: 0.569 Thread 0x00007f4ef03d8000 Uncommon trap: reason=bimorphic_or_optimized_type_check action=maybe_recompile pc=0x00007f4ee173af38 method=java.util.HashMap.getNode(ILjava/lang/Object;)Ljava/util/HashMap$Node; @ 126
Event: 0.570 Thread 0x00007f4ef03d8000 Uncommon trap: reason=bimorphic_or_optimized_type_check action=maybe_recompile pc=0x00007f4ee173af38 method=java.util.HashMap.getNode(ILjava/lang/Object;)Ljava/util/HashMap$Node; @ 126
Event: 0.571 Thread 0x00007f4ef03d8000 Uncommon trap: reason=bimorphic_or_optimized_type_check action=maybe_recompile pc=0x00007f4ee173ec4c method=java.util.HashMap.putVal(ILjava/lang/Object;Ljava/lang/Object;ZZ)Ljava/lang/Object; @ 253
Event: 0.571 Thread 0x00007f4ef03d8000 Uncommon trap: reason=bimorphic_or_optimized_type_check action=maybe_recompile pc=0x00007f4ee173ec4c method=java.util.HashMap.putVal(ILjava/lang/Object;Ljava/lang/Object;ZZ)Ljava/lang/Object; @ 253
Event: 0.571 Thread 0x00007f4ef03d8000 Uncommon trap: reason=bimorphic_or_optimized_type_check action=maybe_recompile pc=0x00007f4ee173ec4c method=java.util.HashMap.putVal(ILjava/lang/Object;Ljava/lang/Object;ZZ)Ljava/lang/Object; @ 253
Event: 0.571 Thread 0x00007f4ef03d8000 Uncommon trap: reason=bimorphic_or_optimized_type_check action=maybe_recompile pc=0x00007f4ee173ec4c method=java.util.HashMap.putVal(ILjava/lang/Object;Ljava/lang/Object;ZZ)Ljava/lang/Object; @ 253
Event: 0.824 Thread 0x00007f4e583b1800 Uncommon trap: reason=unstable_if action=reinterpret pc=0x00007f4ee17425c0 method=sun.security.provider.SeedGenerator$ThreadedSeedGenerator.run()V @ 120
Event: 5.591 Thread 0x00007f4ef03d8000 Uncommon trap: reason=unstable_if action=reinterpret pc=0x00007f4ee1732800 method=java.lang.String.equals(Ljava/lang/Object;)Z @ 27

Classes redefined (0 events):
No events

Internal exceptions (7 events):
Event: 0.337 Thread 0x00007f4ef0010800 Exception <a 'java/lang/ClassNotFoundException': sun/awt/resources/awtProvider> (0x00000006d6569408) thrown at [/build/openjdk-9-argm_o/openjdk-9-9~b114/src/hotspot/src/share/vm/classfile/systemDictionary.cpp, line 224]
Event: 0.351 Thread 0x00007f4ef0010800 Exception <a 'java/io/FileNotFoundException'> (0x00000006d65a9e50) thrown at [/build/openjdk-9-argm_o/openjdk-9-9~b114/src/hotspot/src/share/vm/prims/jni.cpp, line 605]
Event: 0.352 Thread 0x00007f4ef0010800 Exception <a 'java/io/FileNotFoundException'> (0x00000006d65b1e80) thrown at [/build/openjdk-9-argm_o/openjdk-9-9~b114/src/hotspot/src/share/vm/prims/jni.cpp, line 605]
Event: 0.460 Thread 0x00007f4ef03d8000 Exception <a 'java/lang/ClassNotFoundException': com/sun/swing/internal/plaf/metal/resources/metalProvider> (0x00000006d63ad8c0) thrown at [/build/openjdk-9-argm_o/openjdk-9-9~b114/src/hotspot/src/share/vm/classfile/systemDictionary.cpp, line 224]
Event: 0.461 Thread 0x00007f4ef03d8000 Exception <a 'java/lang/ClassNotFoundException': com/sun/swing/internal/plaf/basic/resources/basicProvider> (0x00000006d63b1108) thrown at [/build/openjdk-9-argm_o/openjdk-9-9~b114/src/hotspot/src/share/vm/classfile/systemDictionary.cpp, line 224]
Event: 0.470 Thread 0x00007f4ef03d8000 Implicit null exception at 0x00007f4ee1724fb8 to 0x00007f4ee1725046
Event: 0.478 Thread 0x00007f4ef03d8000 Implicit null exception at 0x00007f4ee172480f to 0x00007f4ee1724879

Events (10 events):
Event: 5.605 loading class sun/nio/cs/UTF_16$Decoder
Event: 5.606 loading class sun/nio/cs/UnicodeDecoder
Event: 5.606 loading class sun/nio/cs/UnicodeDecoder done
Event: 5.606 loading class sun/nio/cs/UTF_16$Decoder done
Event: 5.606 loading class sun/font/FileFontStrike
Event: 5.606 loading class sun/font/FileFontStrike done
Event: 5.606 loading class sun/font/FontScaler
Event: 5.607 loading class sun/font/FontScaler done
Event: 5.607 loading class sun/font/FreetypeFontScaler
Event: 5.607 loading class sun/font/FreetypeFontScaler done


Dynamic libraries:
00400000-00401000 r-xp 00000000 08:01 7621360                            /usr/lib/jvm/java-9-openjdk-amd64/bin/java
00600000-00601000 r--p 00000000 08:01 7621360                            /usr/lib/jvm/java-9-openjdk-amd64/bin/java
00601000-00602000 rw-p 00001000 08:01 7621360                            /usr/lib/jvm/java-9-openjdk-amd64/bin/java
00cd8000-00cf9000 rw-p 00000000 00:00 0                                  [heap]
6c6e00000-6d6800000 rw-p 00000000 00:00 0 
6d6800000-7c0000000 ---p 00000000 00:00 0 
7c0000000-7c0160000 rw-p 00000000 00:00 0 
7c0160000-800000000 ---p 00000000 00:00 0 
7f4e50000000-7f4e50021000 rw-p 00000000 00:00 0 
7f4e50021000-7f4e54000000 ---p 00000000 00:00 0 
7f4e54000000-7f4e54021000 rw-p 00000000 00:00 0 
7f4e54021000-7f4e58000000 ---p 00000000 00:00 0 
7f4e58000000-7f4e583c8000 rw-p 00000000 00:00 0 
7f4e583c8000-7f4e5c000000 ---p 00000000 00:00 0 
7f4e5c000000-7f4e5c021000 rw-p 00000000 00:00 0 
7f4e5c021000-7f4e60000000 ---p 00000000 00:00 0 
7f4e60000000-7f4e60021000 rw-p 00000000 00:00 0 
7f4e60021000-7f4e64000000 ---p 00000000 00:00 0 
7f4e64000000-7f4e64021000 rw-p 00000000 00:00 0 
7f4e64021000-7f4e68000000 ---p 00000000 00:00 0 
7f4e68000000-7f4e68021000 rw-p 00000000 00:00 0 
7f4e68021000-7f4e6c000000 ---p 00000000 00:00 0 
7f4e6c000000-7f4e6c021000 rw-p 00000000 00:00 0 
7f4e6c021000-7f4e70000000 ---p 00000000 00:00 0 
7f4e70000000-7f4e70021000 rw-p 00000000 00:00 0 
7f4e70021000-7f4e74000000 ---p 00000000 00:00 0 
7f4e74000000-7f4e74021000 rw-p 00000000 00:00 0 
7f4e74021000-7f4e78000000 ---p 00000000 00:00 0 
7f4e78000000-7f4e781c7000 rw-p 00000000 00:00 0 
7f4e781c7000-7f4e7c000000 ---p 00000000 00:00 0 
7f4e7c000000-7f4e7c021000 rw-p 00000000 00:00 0 
7f4e7c021000-7f4e80000000 ---p 00000000 00:00 0 
7f4e80000000-7f4e801cf000 rw-p 00000000 00:00 0 
7f4e801cf000-7f4e84000000 ---p 00000000 00:00 0 
7f4e84000000-7f4e8425e000 rw-p 00000000 00:00 0 
7f4e8425e000-7f4e88000000 ---p 00000000 00:00 0 
7f4e8875b000-7f4e8875f000 ---p 00000000 00:00 0 
7f4e8875f000-7f4e8885c000 rw-p 00000000 00:00 0 
7f4e8885c000-7f4e88860000 ---p 00000000 00:00 0 
7f4e88860000-7f4e8895d000 rw-p 00000000 00:00 0 
7f4e8895d000-7f4e88961000 ---p 00000000 00:00 0 
7f4e88961000-7f4e88a5e000 rw-p 00000000 00:00 0 
7f4e88a5e000-7f4e88a82000 r-xp 00000000 08:01 3936829                    /lib/x86_64-linux-gnu/libpng12.so.0.54.0
7f4e88a82000-7f4e88c81000 ---p 00024000 08:01 3936829                    /lib/x86_64-linux-gnu/libpng12.so.0.54.0
7f4e88c81000-7f4e88c82000 r--p 00023000 08:01 3936829                    /lib/x86_64-linux-gnu/libpng12.so.0.54.0
7f4e88c82000-7f4e88c83000 rw-p 00024000 08:01 3936829                    /lib/x86_64-linux-gnu/libpng12.so.0.54.0
7f4e88c83000-7f4e88d27000 r-xp 00000000 08:01 7602874                    /usr/lib/x86_64-linux-gnu/libfreetype.so.6.12.1
7f4e88d27000-7f4e88f26000 ---p 000a4000 08:01 7602874                    /usr/lib/x86_64-linux-gnu/libfreetype.so.6.12.1
7f4e88f26000-7f4e88f2c000 r--p 000a3000 08:01 7602874                    /usr/lib/x86_64-linux-gnu/libfreetype.so.6.12.1
7f4e88f2c000-7f4e88f2d000 rw-p 000a9000 08:01 7602874                    /usr/lib/x86_64-linux-gnu/libfreetype.so.6.12.1
7f4e88f2d000-7f4e88ff3000 r-xp 00000000 08:01 7750298                    /usr/lib/jvm/java-9-openjdk-amd64/lib/amd64/libfontmanager.so
7f4e88ff3000-7f4e891f2000 ---p 000c6000 08:01 7750298                    /usr/lib/jvm/java-9-openjdk-amd64/lib/amd64/libfontmanager.so
7f4e891f2000-7f4e891f5000 r--p 000c5000 08:01 7750298                    /usr/lib/jvm/java-9-openjdk-amd64/lib/amd64/libfontmanager.so
7f4e891f5000-7f4e891f6000 rw-p 000c8000 08:01 7750298                    /usr/lib/jvm/java-9-openjdk-amd64/lib/amd64/libfontmanager.so
7f4e891f6000-7f4e893f7000 rw-p 00000000 00:00 0 
7f4e893f7000-7f4e893fb000 ---p 00000000 00:00 0 
7f4e893fb000-7f4e894f8000 rw-p 00000000 00:00 0 
7f4e894f8000-7f4e894fc000 ---p 00000000 00:00 0 
7f4e894fc000-7f4e895f9000 rw-p 00000000 00:00 0 
7f4e895f9000-7f4e895fd000 ---p 00000000 00:00 0 
7f4e895fd000-7f4e896fa000 rw-p 00000000 00:00 0 
7f4e896fa000-7f4e896ff000 r-xp 00000000 08:01 7610318                    /usr/lib/x86_64-linux-gnu/libXfixes.so.3.1.0
7f4e896ff000-7f4e898fe000 ---p 00005000 08:01 7610318                    /usr/lib/x86_64-linux-gnu/libXfixes.so.3.1.0
7f4e898fe000-7f4e898ff000 r--p 00004000 08:01 7610318                    /usr/lib/x86_64-linux-gnu/libXfixes.so.3.1.0
7f4e898ff000-7f4e89900000 rw-p 00005000 08:01 7610318                    /usr/lib/x86_64-linux-gnu/libXfixes.so.3.1.0
7f4e89900000-7f4e89909000 r-xp 00000000 08:01 7611329                    /usr/lib/x86_64-linux-gnu/libXcursor.so.1.0.2
7f4e89909000-7f4e89b08000 ---p 00009000 08:01 7611329                    /usr/lib/x86_64-linux-gnu/libXcursor.so.1.0.2
7f4e89b08000-7f4e89b09000 r--p 00008000 08:01 7611329                    /usr/lib/x86_64-linux-gnu/libXcursor.so.1.0.2
7f4e89b09000-7f4e89b0a000 rw-p 00009000 08:01 7611329                    /usr/lib/x86_64-linux-gnu/libXcursor.so.1.0.2
7f4e89b0a000-7f4e89b0e000 ---p 00000000 00:00 0 
7f4e89b0e000-7f4e89c0b000 rw-p 00000000 00:00 0 
7f4e89c0b000-7f4e89c10000 r-xp 00000000 08:01 7610314                    /usr/lib/x86_64-linux-gnu/libXdmcp.so.6.0.0
7f4e89c10000-7f4e89e0f000 ---p 00005000 08:01 7610314                    /usr/lib/x86_64-linux-gnu/libXdmcp.so.6.0.0
7f4e89e0f000-7f4e89e10000 r--p 00004000 08:01 7610314                    /usr/lib/x86_64-linux-gnu/libXdmcp.so.6.0.0
7f4e89e10000-7f4e89e11000 rw-p 00005000 08:01 7610314                    /usr/lib/x86_64-linux-gnu/libXdmcp.so.6.0.0
7f4e89e11000-7f4e89e13000 r-xp 00000000 08:01 7610303                    /usr/lib/x86_64-linux-gnu/libXau.so.6.0.0
7f4e89e13000-7f4e8a013000 ---p 00002000 08:01 7610303                    /usr/lib/x86_64-linux-gnu/libXau.so.6.0.0
7f4e8a013000-7f4e8a014000 r--p 00002000 08:01 7610303                    /usr/lib/x86_64-linux-gnu/libXau.so.6.0.0
7f4e8a014000-7f4e8a015000 rw-p 00003000 08:01 7610303                    /usr/lib/x86_64-linux-gnu/libXau.so.6.0.0
7f4e8a015000-7f4e8a036000 r-xp 00000000 08:01 7611681                    /usr/lib/x86_64-linux-gnu/libxcb.so.1.1.0
7f4e8a036000-7f4e8a235000 ---p 00021000 08:01 7611681                    /usr/lib/x86_64-linux-gnu/libxcb.so.1.1.0
7f4e8a235000-7f4e8a236000 r--p 00020000 08:01 7611681                    /usr/lib/x86_64-linux-gnu/libxcb.so.1.1.0
7f4e8a236000-7f4e8a237000 rw-p 00021000 08:01 7611681                    /usr/lib/x86_64-linux-gnu/libxcb.so.1.1.0
7f4e8a237000-7f4e8a246000 r-xp 00000000 08:01 7610324                    /usr/lib/x86_64-linux-gnu/libXi.so.6.1.0
7f4e8a246000-7f4e8a445000 ---p 0000f000 08:01 7610324                    /usr/lib/x86_64-linux-gnu/libXi.so.6.1.0
7f4e8a445000-7f4e8a446000 r--p 0000e000 08:01 7610324                    /usr/lib/x86_64-linux-gnu/libXi.so.6.1.0
7f4e8a446000-7f4e8a447000 rw-p 0000f000 08:01 7610324                    /usr/lib/x86_64-linux-gnu/libXi.so.6.1.0
7f4e8a447000-7f4e8a44c000 r-xp 00000000 08:01 7610342                    /usr/lib/x86_64-linux-gnu/libXtst.so.6.1.0
7f4e8a44c000-7f4e8a64b000 ---p 00005000 08:01 7610342                    /usr/lib/x86_64-linux-gnu/libXtst.so.6.1.0
7f4e8a64b000-7f4e8a64c000 r--p 00004000 08:01 7610342                    /usr/lib/x86_64-linux-gnu/libXtst.so.6.1.0
7f4e8a64c000-7f4e8a64d000 rw-p 00005000 08:01 7610342                    /usr/lib/x86_64-linux-gnu/libXtst.so.6.1.0
7f4e8a64d000-7f4e8a656000 r-xp 00000000 08:01 7610336                    /usr/lib/x86_64-linux-gnu/libXrender.so.1.3.0
7f4e8a656000-7f4e8a855000 ---p 00009000 08:01 7610336                    /usr/lib/x86_64-linux-gnu/libXrender.so.1.3.0
7f4e8a855000-7f4e8a856000 r--p 00008000 08:01 7610336                    /usr/lib/x86_64-linux-gnu/libXrender.so.1.3.0
7f4e8a856000-7f4e8a857000 rw-p 00009000 08:01 7610336                    /usr/lib/x86_64-linux-gnu/libXrender.so.1.3.0
7f4e8a857000-7f4e8a98c000 r-xp 00000000 08:01 7610299                    /usr/lib/x86_64-linux-gnu/libX11.so.6.3.0
7f4e8a98c000-7f4e8ab8c000 ---p 00135000 08:01 7610299                    /usr/lib/x86_64-linux-gnu/libX11.so.6.3.0
7f4e8ab8c000-7f4e8ab8d000 r--p 00135000 08:01 7610299                    /usr/lib/x86_64-linux-gnu/libX11.so.6.3.0
7f4e8ab8d000-7f4e8ab91000 rw-p 00136000 08:01 7610299                    /usr/lib/x86_64-linux-gnu/libX11.so.6.3.0
7f4e8ab91000-7f4e8aba2000 r-xp 00000000 08:01 7610316                    /usr/lib/x86_64-linux-gnu/libXext.so.6.4.0
7f4e8aba2000-7f4e8ada1000 ---p 00011000 08:01 7610316                    /usr/lib/x86_64-linux-gnu/libXext.so.6.4.0
7f4e8ada1000-7f4e8ada2000 r--p 00010000 08:01 7610316                    /usr/lib/x86_64-linux-gnu/libXext.so.6.4.0
7f4e8ada2000-7f4e8ada3000 rw-p 00011000 08:01 7610316                    /usr/lib/x86_64-linux-gnu/libXext.so.6.4.0
7f4e8ada3000-7f4e8adfa000 r-xp 00000000 08:01 7750325                    /usr/lib/jvm/java-9-openjdk-amd64/lib/amd64/libawt_xawt.so
7f4e8adfa000-7f4e8affa000 ---p 00057000 08:01 7750325                    /usr/lib/jvm/java-9-openjdk-amd64/lib/amd64/libawt_xawt.so
7f4e8affa000-7f4e8affb000 r--p 00057000 08:01 7750325                    /usr/lib/jvm/java-9-openjdk-amd64/lib/amd64/libawt_xawt.so
7f4e8affb000-7f4e8affe000 rw-p 00058000 08:01 7750325                    /usr/lib/jvm/java-9-openjdk-amd64/lib/amd64/libawt_xawt.so
7f4e8affe000-7f4e8afff000 rw-p 00000000 00:00 0 
7f4e8afff000-7f4e8b09f000 r-xp 00000000 08:01 7750297                    /usr/lib/jvm/java-9-openjdk-amd64/lib/amd64/libawt.so
7f4e8b09f000-7f4e8b29e000 ---p 000a0000 08:01 7750297                    /usr/lib/jvm/java-9-openjdk-amd64/lib/amd64/libawt.so
7f4e8b29e000-7f4e8b29f000 r--p 0009f000 08:01 7750297                    /usr/lib/jvm/java-9-openjdk-amd64/lib/amd64/libawt.so
7f4e8b29f000-7f4e8b2aa000 rw-p 000a0000 08:01 7750297                    /usr/lib/jvm/java-9-openjdk-amd64/lib/amd64/libawt.so
7f4e8b2aa000-7f4e8b2cf000 rw-p 00000000 00:00 0 
7f4e8b2cf000-7f4e8b2d0000 ---p 00000000 00:00 0 
7f4e8b2d0000-7f4e8b3d0000 rw-p 00000000 00:00 0 
7f4e8b3d0000-7f4e8b3d4000 ---p 00000000 00:00 0 
7f4e8b3d4000-7f4e8b4d1000 rw-p 00000000 00:00 0 
7f4e8b4d1000-7f4e8b4d5000 ---p 00000000 00:00 0 
7f4e8b4d5000-7f4e8b8d3000 rw-p 00000000 00:00 0 
7f4e8b8d3000-7f4e8b8e9000 r-xp 00000000 08:01 7750299                    /usr/lib/jvm/java-9-openjdk-amd64/lib/amd64/libnet.so
7f4e8b8e9000-7f4e8bae8000 ---p 00016000 08:01 7750299                    /usr/lib/jvm/java-9-openjdk-amd64/lib/amd64/libnet.so
7f4e8bae8000-7f4e8bae9000 r--p 00015000 08:01 7750299                    /usr/lib/jvm/java-9-openjdk-amd64/lib/amd64/libnet.so
7f4e8bae9000-7f4e8baea000 rw-p 00016000 08:01 7750299                    /usr/lib/jvm/java-9-openjdk-amd64/lib/amd64/libnet.so
7f4e8baea000-7f4e8bafb000 r-xp 00000000 08:01 7750326                    /usr/lib/jvm/java-9-openjdk-amd64/lib/amd64/libnio.so
7f4e8bafb000-7f4e8bcfb000 ---p 00011000 08:01 7750326                    /usr/lib/jvm/java-9-openjdk-amd64/lib/amd64/libnio.so
7f4e8bcfb000-7f4e8bcfc000 r--p 00011000 08:01 7750326                    /usr/lib/jvm/java-9-openjdk-amd64/lib/amd64/libnio.so
7f4e8bcfc000-7f4e8bcfd000 rw-p 00012000 08:01 7750326                    /usr/lib/jvm/java-9-openjdk-amd64/lib/amd64/libnio.so
7f4e8bcfd000-7f4e8bd01000 ---p 00000000 00:00 0 
7f4e8bd01000-7f4e8bdfe000 rw-p 00000000 00:00 0 
7f4e8bdfe000-7f4e8be02000 ---p 00000000 00:00 0 
7f4e8be02000-7f4e8beff000 rw-p 00000000 00:00 0 
7f4e8beff000-7f4e8bf03000 ---p 00000000 00:00 0 
7f4e8bf03000-7f4e8c000000 rw-p 00000000 00:00 0 
7f4e8c000000-7f4e8c021000 rw-p 00000000 00:00 0 
7f4e8c021000-7f4e90000000 ---p 00000000 00:00 0 
7f4e90000000-7f4e90021000 rw-p 00000000 00:00 0 
7f4e90021000-7f4e94000000 ---p 00000000 00:00 0 
7f4e94000000-7f4e94021000 rw-p 00000000 00:00 0 
7f4e94021000-7f4e98000000 ---p 00000000 00:00 0 
7f4e98000000-7f4e98021000 rw-p 00000000 00:00 0 
7f4e98021000-7f4e9c000000 ---p 00000000 00:00 0 
7f4e9c000000-7f4e9c021000 rw-p 00000000 00:00 0 
7f4e9c021000-7f4ea0000000 ---p 00000000 00:00 0 
7f4ea0000000-7f4ea0021000 rw-p 00000000 00:00 0 
7f4ea0021000-7f4ea4000000 ---p 00000000 00:00 0 
7f4ea4000000-7f4ea4021000 rw-p 00000000 00:00 0 
7f4ea4021000-7f4ea8000000 ---p 00000000 00:00 0 
7f4ea802a000-7f4ea802e000 ---p 00000000 00:00 0 
7f4ea802e000-7f4ea812b000 rw-p 00000000 00:00 0 
7f4ea812b000-7f4ea812f000 ---p 00000000 00:00 0 
7f4ea812f000-7f4ea822c000 rw-p 00000000 00:00 0 
7f4ea822c000-7f4ea8230000 ---p 00000000 00:00 0 
7f4ea8230000-7f4ea832d000 rw-p 00000000 00:00 0 
7f4ea832d000-7f4ea87b7000 r--p 00000000 08:01 7612934                    /usr/lib/locale/locale-archive
7f4ea87b7000-7f4ea87bb000 ---p 00000000 00:00 0 
7f4ea87bb000-7f4ea88b8000 rw-p 00000000 00:00 0 
7f4ea88b8000-7f4ea88bc000 ---p 00000000 00:00 0 
7f4ea88bc000-7f4ea89b9000 rw-p 00000000 00:00 0 
7f4ea89b9000-7f4ea89ba000 ---p 00000000 00:00 0 
7f4ea89ba000-7f4ea92ba000 rw-p 00000000 00:00 0 
7f4ea92ba000-7f4eabaa6000 rw-p 00000000 00:00 0 
7f4eabaa6000-7f4eabaa7000 ---p 00000000 00:00 0 
7f4eabaa7000-7f4eabf8f000 rw-p 00000000 00:00 0 
7f4eabf8f000-7f4eaf9ef000 ---p 00000000 00:00 0 
7f4eaf9ef000-7f4eafdd7000 rw-p 00000000 00:00 0 
7f4eafdd7000-7f4eb3837000 ---p 00000000 00:00 0 
7f4eb3837000-7f4eb38b4000 rw-p 00000000 00:00 0 
7f4eb38b4000-7f4eb4000000 ---p 00000000 00:00 0 
7f4eb4000000-7f4eb4021000 rw-p 00000000 00:00 0 
7f4eb4021000-7f4eb8000000 ---p 00000000 00:00 0 
7f4eb8000000-7f4eb8021000 rw-p 00000000 00:00 0 
7f4eb8021000-7f4ebc000000 ---p 00000000 00:00 0 
7f4ebc000000-7f4ebc021000 rw-p 00000000 00:00 0 
7f4ebc021000-7f4ec0000000 ---p 00000000 00:00 0 
7f4ec0000000-7f4ec0021000 rw-p 00000000 00:00 0 
7f4ec0021000-7f4ec4000000 ---p 00000000 00:00 0 
7f4ec4000000-7f4ec4021000 rw-p 00000000 00:00 0 
7f4ec4021000-7f4ec8000000 ---p 00000000 00:00 0 
7f4ec8000000-7f4ec8021000 rw-p 00000000 00:00 0 
7f4ec8021000-7f4ecc000000 ---p 00000000 00:00 0 
7f4ecc000000-7f4ecc021000 rw-p 00000000 00:00 0 
7f4ecc021000-7f4ed0000000 ---p 00000000 00:00 0 
7f4ed0000000-7f4ed0021000 rw-p 00000000 00:00 0 
7f4ed0021000-7f4ed4000000 ---p 00000000 00:00 0 
7f4ed4000000-7f4ed4021000 rw-p 00000000 00:00 0 
7f4ed4021000-7f4ed8000000 ---p 00000000 00:00 0 
7f4ed80f9000-7f4ed80fa000 ---p 00000000 00:00 0 
7f4ed80fa000-7f4ed8371000 rw-p 00000000 00:00 0 
7f4ed8371000-7f4ed9286000 ---p 00000000 00:00 0 
7f4ed9286000-7f4ed9303000 rw-p 00000000 00:00 0 
7f4ed9303000-7f4ed9a4f000 ---p 00000000 00:00 0 
7f4ed9a4f000-7f4ed9a50000 ---p 00000000 00:00 0 
7f4ed9a50000-7f4ed9b50000 rw-p 00000000 00:00 0 
7f4ed9b50000-7f4ed9b51000 ---p 00000000 00:00 0 
7f4ed9b51000-7f4ed9c51000 rw-p 00000000 00:00 0 
7f4ed9c51000-7f4ed9ec1000 rwxp 00000000 00:00 0 
7f4ed9ec1000-7f4eda1e1000 ---p 00000000 00:00 0 
7f4eda1e1000-7f4eda451000 rwxp 00000000 00:00 0 
7f4eda451000-7f4ee1719000 ---p 00000000 00:00 0 
7f4ee1719000-7f4ee1989000 rwxp 00000000 00:00 0 
7f4ee1989000-7f4ee8c51000 ---p 00000000 00:00 0 
7f4ee8c51000-7f4ef0000000 r--s 00000000 08:01 7750283                    /usr/lib/jvm/java-9-openjdk-amd64/lib/modules
7f4ef0000000-7f4ef03da000 rw-p 00000000 00:00 0 
7f4ef03da000-7f4ef4000000 ---p 00000000 00:00 0 
7f4ef401f000-7f4ef402a000 r--s 00000000 08:01 8519888                    /var/cache/fontconfig/945677eb7aeaf62f1d50efc3fb3ec7d8-le64.cache-6
7f4ef402a000-7f4ef4030000 r--s 00000000 08:01 8523300                    /var/cache/fontconfig/2cd17615ca594fa2959ae173292e504c-le64.cache-6
7f4ef4030000-7f4ef4031000 r--s 00000000 08:01 8523299                    /var/cache/fontconfig/0d8c3b2ac0904cb8a57a757ad11a4a08-le64.cache-6
7f4ef4031000-7f4ef4046000 r--s 00000000 08:01 8523298                    /var/cache/fontconfig/04aabc0a78ac019cf9454389977116d2-le64.cache-6
7f4ef4046000-7f4ef4047000 r--s 00000000 08:01 8523297                    /var/cache/fontconfig/1ac9eb803944fde146138c791f5cc56a-le64.cache-6
7f4ef4047000-7f4ef404b000 r--s 00000000 08:01 8523296                    /var/cache/fontconfig/385c0604a188198f04d133e54aba7fe7-le64.cache-6
7f4ef404b000-7f4ef404c000 r--s 00000000 08:01 8523295                    /var/cache/fontconfig/dc05db6664285cc2f12bf69c139ae4c3-le64.cache-6
7f4ef404c000-7f4ef404f000 r--s 00000000 08:01 8523294                    /var/cache/fontconfig/767a8244fc0220cfb567a839d0392e0b-le64.cache-6
7f4ef404f000-7f4ef4050000 r--s 00000000 08:01 8521873                    /var/cache/fontconfig/4794a0821666d79190d59a36cb4f44b5-le64.cache-6
7f4ef4050000-7f4ef4057000 r--s 00000000 08:01 8522968                    /var/cache/fontconfig/3047814df9a2f067bd2d96a2b9c36e5a-le64.cache-6
7f4ef4057000-7f4ef40cd000 rw-p 00000000 00:00 0 
7f4ef40cd000-7f4ef40ce000 ---p 00000000 00:00 0 
7f4ef40ce000-7f4ef41ce000 rw-p 00000000 00:00 0 
7f4ef41ce000-7f4ef41cf000 ---p 00000000 00:00 0 
7f4ef41cf000-7f4ef42cf000 rw-p 00000000 00:00 0 
7f4ef42cf000-7f4ef42d0000 ---p 00000000 00:00 0 
7f4ef42d0000-7f4ef47d4000 rw-p 00000000 00:00 0 
7f4ef47d4000-7f4ef47d5000 ---p 00000000 00:00 0 
7f4ef47d5000-7f4ef48d5000 rw-p 00000000 00:00 0 
7f4ef48d5000-7f4ef48d6000 ---p 00000000 00:00 0 
7f4ef48d6000-7f4ef49d6000 rw-p 00000000 00:00 0 
7f4ef49d6000-7f4ef49d7000 ---p 00000000 00:00 0 
7f4ef49d7000-7f4ef4ad7000 rw-p 00000000 00:00 0 
7f4ef4ad7000-7f4ef4ad8000 ---p 00000000 00:00 0 
7f4ef4ad8000-7f4ef4bdd000 rw-p 00000000 00:00 0 
7f4ef4bdd000-7f4ef4cc3000 ---p 00000000 00:00 0 
7f4ef4cc3000-7f4ef4cc8000 rw-p 00000000 00:00 0 
7f4ef4cc8000-7f4ef4dae000 ---p 00000000 00:00 0 
7f4ef4dae000-7f4ef4db3000 r-xp 00000000 08:01 7750313                    /usr/lib/jvm/java-9-openjdk-amd64/lib/amd64/libjimage.so
7f4ef4db3000-7f4ef4fb2000 ---p 00005000 08:01 7750313                    /usr/lib/jvm/java-9-openjdk-amd64/lib/amd64/libjimage.so
7f4ef4fb2000-7f4ef4fb3000 r--p 00004000 08:01 7750313                    /usr/lib/jvm/java-9-openjdk-amd64/lib/amd64/libjimage.so
7f4ef4fb3000-7f4ef4fb4000 rw-p 00005000 08:01 7750313                    /usr/lib/jvm/java-9-openjdk-amd64/lib/amd64/libjimage.so
7f4ef4fb4000-7f4ef4fbb000 r-xp 00000000 08:01 7750309                    /usr/lib/jvm/java-9-openjdk-amd64/lib/amd64/libzip.so
7f4ef4fbb000-7f4ef51ba000 ---p 00007000 08:01 7750309                    /usr/lib/jvm/java-9-openjdk-amd64/lib/amd64/libzip.so
7f4ef51ba000-7f4ef51bb000 r--p 00006000 08:01 7750309                    /usr/lib/jvm/java-9-openjdk-amd64/lib/amd64/libzip.so
7f4ef51bb000-7f4ef51bc000 rw-p 00007000 08:01 7750309                    /usr/lib/jvm/java-9-openjdk-amd64/lib/amd64/libzip.so
7f4ef51bc000-7f4ef51c7000 r-xp 00000000 08:01 3938670                    /lib/x86_64-linux-gnu/libnss_files-2.23.so
7f4ef51c7000-7f4ef53c6000 ---p 0000b000 08:01 3938670                    /lib/x86_64-linux-gnu/libnss_files-2.23.so
7f4ef53c6000-7f4ef53c7000 r--p 0000a000 08:01 3938670                    /lib/x86_64-linux-gnu/libnss_files-2.23.so
7f4ef53c7000-7f4ef53c8000 rw-p 0000b000 08:01 3938670                    /lib/x86_64-linux-gnu/libnss_files-2.23.so
7f4ef53c8000-7f4ef53ce000 rw-p 00000000 00:00 0 
7f4ef53ce000-7f4ef53d9000 r-xp 00000000 08:01 3938673                    /lib/x86_64-linux-gnu/libnss_nis-2.23.so
7f4ef53d9000-7f4ef55d8000 ---p 0000b000 08:01 3938673                    /lib/x86_64-linux-gnu/libnss_nis-2.23.so
7f4ef55d8000-7f4ef55d9000 r--p 0000a000 08:01 3938673                    /lib/x86_64-linux-gnu/libnss_nis-2.23.so
7f4ef55d9000-7f4ef55da000 rw-p 0000b000 08:01 3938673                    /lib/x86_64-linux-gnu/libnss_nis-2.23.so
7f4ef55da000-7f4ef55f0000 r-xp 00000000 08:01 3932381                    /lib/x86_64-linux-gnu/libnsl-2.23.so
7f4ef55f0000-7f4ef57ef000 ---p 00016000 08:01 3932381                    /lib/x86_64-linux-gnu/libnsl-2.23.so
7f4ef57ef000-7f4ef57f0000 r--p 00015000 08:01 3932381                    /lib/x86_64-linux-gnu/libnsl-2.23.so
7f4ef57f0000-7f4ef57f1000 rw-p 00016000 08:01 3932381                    /lib/x86_64-linux-gnu/libnsl-2.23.so
7f4ef57f1000-7f4ef57f3000 rw-p 00000000 00:00 0 
7f4ef57f3000-7f4ef57fb000 r-xp 00000000 08:01 3938679                    /lib/x86_64-linux-gnu/libnss_compat-2.23.so
7f4ef57fb000-7f4ef59fa000 ---p 00008000 08:01 3938679                    /lib/x86_64-linux-gnu/libnss_compat-2.23.so
7f4ef59fa000-7f4ef59fb000 r--p 00007000 08:01 3938679                    /lib/x86_64-linux-gnu/libnss_compat-2.23.so
7f4ef59fb000-7f4ef59fc000 rw-p 00008000 08:01 3938679                    /lib/x86_64-linux-gnu/libnss_compat-2.23.so
7f4ef59fc000-7f4ef5a27000 r-xp 00000000 08:01 7750292                    /usr/lib/jvm/java-9-openjdk-amd64/lib/amd64/libjava.so
7f4ef5a27000-7f4ef5c26000 ---p 0002b000 08:01 7750292                    /usr/lib/jvm/java-9-openjdk-amd64/lib/amd64/libjava.so
7f4ef5c26000-7f4ef5c27000 r--p 0002a000 08:01 7750292                    /usr/lib/jvm/java-9-openjdk-amd64/lib/amd64/libjava.so
7f4ef5c27000-7f4ef5c29000 rw-p 0002b000 08:01 7750292                    /usr/lib/jvm/java-9-openjdk-amd64/lib/amd64/libjava.so
7f4ef5c29000-7f4ef5c36000 r-xp 00000000 08:01 7750293                    /usr/lib/jvm/java-9-openjdk-amd64/lib/amd64/libverify.so
7f4ef5c36000-7f4ef5e35000 ---p 0000d000 08:01 7750293                    /usr/lib/jvm/java-9-openjdk-amd64/lib/amd64/libverify.so
7f4ef5e35000-7f4ef5e37000 r--p 0000c000 08:01 7750293                    /usr/lib/jvm/java-9-openjdk-amd64/lib/amd64/libverify.so
7f4ef5e37000-7f4ef5e38000 rw-p 0000e000 08:01 7750293                    /usr/lib/jvm/java-9-openjdk-amd64/lib/amd64/libverify.so
7f4ef5e38000-7f4ef5e3f000 r-xp 00000000 08:01 3938675                    /lib/x86_64-linux-gnu/librt-2.23.so
7f4ef5e3f000-7f4ef603e000 ---p 00007000 08:01 3938675                    /lib/x86_64-linux-gnu/librt-2.23.so
7f4ef603e000-7f4ef603f000 r--p 00006000 08:01 3938675                    /lib/x86_64-linux-gnu/librt-2.23.so
7f4ef603f000-7f4ef6040000 rw-p 00007000 08:01 3938675                    /lib/x86_64-linux-gnu/librt-2.23.so
7f4ef6040000-7f4ef6056000 r-xp 00000000 08:01 3936726                    /lib/x86_64-linux-gnu/libgcc_s.so.1
7f4ef6056000-7f4ef6255000 ---p 00016000 08:01 3936726                    /lib/x86_64-linux-gnu/libgcc_s.so.1
7f4ef6255000-7f4ef6256000 rw-p 00015000 08:01 3936726                    /lib/x86_64-linux-gnu/libgcc_s.so.1
7f4ef6256000-7f4ef635e000 r-xp 00000000 08:01 3938684                    /lib/x86_64-linux-gnu/libm-2.23.so
7f4ef635e000-7f4ef655d000 ---p 00108000 08:01 3938684                    /lib/x86_64-linux-gnu/libm-2.23.so
7f4ef655d000-7f4ef655e000 r--p 00107000 08:01 3938684                    /lib/x86_64-linux-gnu/libm-2.23.so
7f4ef655e000-7f4ef655f000 rw-p 00108000 08:01 3938684                    /lib/x86_64-linux-gnu/libm-2.23.so
7f4ef655f000-7f4ef66d1000 r-xp 00000000 08:01 7604221                    /usr/lib/x86_64-linux-gnu/libstdc++.so.6.0.21
7f4ef66d1000-7f4ef68d1000 ---p 00172000 08:01 7604221                    /usr/lib/x86_64-linux-gnu/libstdc++.so.6.0.21
7f4ef68d1000-7f4ef68db000 r--p 00172000 08:01 7604221                    /usr/lib/x86_64-linux-gnu/libstdc++.so.6.0.21
7f4ef68db000-7f4ef68dd000 rw-p 0017c000 08:01 7604221                    /usr/lib/x86_64-linux-gnu/libstdc++.so.6.0.21
7f4ef68dd000-7f4ef68e1000 rw-p 00000000 00:00 0 
7f4ef68e1000-7f4ef773f000 r-xp 00000000 08:01 7750306                    /usr/lib/jvm/java-9-openjdk-amd64/lib/amd64/server/libjvm.so
7f4ef773f000-7f4ef793f000 ---p 00e5e000 08:01 7750306                    /usr/lib/jvm/java-9-openjdk-amd64/lib/amd64/server/libjvm.so
7f4ef793f000-7f4ef79f1000 r--p 00e5e000 08:01 7750306                    /usr/lib/jvm/java-9-openjdk-amd64/lib/amd64/server/libjvm.so
7f4ef79f1000-7f4ef7a23000 rw-p 00f10000 08:01 7750306                    /usr/lib/jvm/java-9-openjdk-amd64/lib/amd64/server/libjvm.so
7f4ef7a23000-7f4ef7a68000 rw-p 00000000 00:00 0 
7f4ef7a68000-7f4ef7a80000 r-xp 00000000 08:01 3938672                    /lib/x86_64-linux-gnu/libpthread-2.23.so
7f4ef7a80000-7f4ef7c7f000 ---p 00018000 08:01 3938672                    /lib/x86_64-linux-gnu/libpthread-2.23.so
7f4ef7c7f000-7f4ef7c80000 r--p 00017000 08:01 3938672                    /lib/x86_64-linux-gnu/libpthread-2.23.so
7f4ef7c80000-7f4ef7c81000 rw-p 00018000 08:01 3938672                    /lib/x86_64-linux-gnu/libpthread-2.23.so
7f4ef7c81000-7f4ef7c85000 rw-p 00000000 00:00 0 
7f4ef7c85000-7f4ef7c88000 r-xp 00000000 08:01 3938678                    /lib/x86_64-linux-gnu/libdl-2.23.so
7f4ef7c88000-7f4ef7e87000 ---p 00003000 08:01 3938678                    /lib/x86_64-linux-gnu/libdl-2.23.so
7f4ef7e87000-7f4ef7e88000 r--p 00002000 08:01 3938678                    /lib/x86_64-linux-gnu/libdl-2.23.so
7f4ef7e88000-7f4ef7e89000 rw-p 00003000 08:01 3938678                    /lib/x86_64-linux-gnu/libdl-2.23.so
7f4ef7e89000-7f4ef7ea2000 r-xp 00000000 08:01 3936879                    /lib/x86_64-linux-gnu/libz.so.1.2.8
7f4ef7ea2000-7f4ef80a1000 ---p 00019000 08:01 3936879                    /lib/x86_64-linux-gnu/libz.so.1.2.8
7f4ef80a1000-7f4ef80a2000 r--p 00018000 08:01 3936879                    /lib/x86_64-linux-gnu/libz.so.1.2.8
7f4ef80a2000-7f4ef80a3000 rw-p 00019000 08:01 3936879                    /lib/x86_64-linux-gnu/libz.so.1.2.8
7f4ef80a3000-7f4ef8263000 r-xp 00000000 08:01 3938689                    /lib/x86_64-linux-gnu/libc-2.23.so
7f4ef8263000-7f4ef8463000 ---p 001c0000 08:01 3938689                    /lib/x86_64-linux-gnu/libc-2.23.so
7f4ef8463000-7f4ef8467000 r--p 001c0000 08:01 3938689                    /lib/x86_64-linux-gnu/libc-2.23.so
7f4ef8467000-7f4ef8469000 rw-p 001c4000 08:01 3938689                    /lib/x86_64-linux-gnu/libc-2.23.so
7f4ef8469000-7f4ef846d000 rw-p 00000000 00:00 0 
7f4ef846d000-7f4ef847b000 r-xp 00000000 08:01 7750323                    /usr/lib/jvm/java-9-openjdk-amd64/lib/amd64/jli/libjli.so
7f4ef847b000-7f4ef867a000 ---p 0000e000 08:01 7750323                    /usr/lib/jvm/java-9-openjdk-amd64/lib/amd64/jli/libjli.so
7f4ef867a000-7f4ef867b000 r--p 0000d000 08:01 7750323                    /usr/lib/jvm/java-9-openjdk-amd64/lib/amd64/jli/libjli.so
7f4ef867b000-7f4ef867c000 rw-p 0000e000 08:01 7750323                    /usr/lib/jvm/java-9-openjdk-amd64/lib/amd64/jli/libjli.so
7f4ef867c000-7f4ef86a2000 r-xp 00000000 08:01 3938656                    /lib/x86_64-linux-gnu/ld-2.23.so
7f4ef86a2000-7f4ef86a7000 r--s 00000000 08:01 8523292                    /var/cache/fontconfig/8801497958630a81b71ace7c5f9b32a8-le64.cache-6
7f4ef86a7000-7f4ef86a8000 r--s 00000000 08:01 8522969                    /var/cache/fontconfig/bab58bb527bb656aaa9f116d68a48d89-le64.cache-6
7f4ef86a8000-7f4ef86b0000 r--s 00000000 08:01 8521003                    /var/cache/fontconfig/bf3b770c553c462765856025a94f1ce6-le64.cache-6
7f4ef86b0000-7f4ef86b1000 r--s 00000000 08:01 8522967                    /var/cache/fontconfig/56cf4f4769d0f4abc89a4895d7bd3ae1-le64.cache-6
7f4ef86b1000-7f4ef86b2000 r--s 00000000 08:01 8522961                    /var/cache/fontconfig/b9d506c9ac06c20b433354fa67a72993-le64.cache-6
7f4ef86b2000-7f4ef86b8000 r--s 00000000 08:01 8522960                    /var/cache/fontconfig/b47c4e1ecd0709278f4910c18777a504-le64.cache-6
7f4ef86b8000-7f4ef86cb000 r--s 00000000 08:01 8522953                    /var/cache/fontconfig/d52a8644073d54c13679302ca1180695-le64.cache-6
7f4ef86cb000-7f4ef86cc000 r--s 00000000 08:01 8522945                    /var/cache/fontconfig/551ecf3b0e8b0bca0f25c0944f561853-le64.cache-6
7f4ef86cc000-7f4ef86d7000 r--s 00000000 08:01 8522667                    /var/cache/fontconfig/d589a48862398ed80a3d6066f4f56f4c-le64.cache-6
7f4ef86d7000-7f4ef86d8000 r--s 00000000 08:01 8522104                    /var/cache/fontconfig/30829fa25452a46451e813d634d7f916-le64.cache-6
7f4ef86d8000-7f4ef86d9000 r--s 00000000 08:01 8522103                    /var/cache/fontconfig/0c9eb80ebd1c36541ebe2852d3bb0c49-le64.cache-6
7f4ef86d9000-7f4ef86dc000 r--s 00000000 08:01 8521861                    /var/cache/fontconfig/75114ca45c98e8a441da0ff356701271-le64.cache-6
7f4ef86dc000-7f4ef86e7000 r--s 00000000 08:01 8521795                    /var/cache/fontconfig/83bf95040141907cd45bb53cf7c1c148-le64.cache-6
7f4ef86e7000-7f4ef86f9000 r--s 00000000 08:01 8519900                    /var/cache/fontconfig/9b89f8e3dae116d678bbf48e5f21f69b-le64.cache-6
7f4ef86f9000-7f4ef877c000 rw-p 00000000 00:00 0 
7f4ef877c000-7f4ef8780000 ---p 00000000 00:00 0 
7f4ef8780000-7f4ef8882000 rw-p 00000000 00:00 0 
7f4ef8882000-7f4ef8885000 r--s 00000000 08:01 8519893                    /var/cache/fontconfig/e13b20fdb08344e0e664864cc2ede53d-le64.cache-6
7f4ef8885000-7f4ef8889000 r--s 00000000 08:01 8520997                    /var/cache/fontconfig/7ef2298fde41cc6eeb7af42e48b7d293-le64.cache-6
7f4ef8889000-7f4ef888e000 rw-p 00000000 00:00 0 
7f4ef888e000-7f4ef8895000 ---p 00000000 00:00 0 
7f4ef8895000-7f4ef889d000 rw-s 00000000 08:01 3674516                    /tmp/hsperfdata_root/4992
7f4ef889d000-7f4ef889e000 rw-p 00000000 00:00 0 
7f4ef889e000-7f4ef889f000 r--p 00000000 00:00 0 
7f4ef889f000-7f4ef88a1000 rw-p 00000000 00:00 0 
7f4ef88a1000-7f4ef88a2000 r--p 00025000 08:01 3938656                    /lib/x86_64-linux-gnu/ld-2.23.so
7f4ef88a2000-7f4ef88a3000 rw-p 00026000 08:01 3938656                    /lib/x86_64-linux-gnu/ld-2.23.so
7f4ef88a3000-7f4ef88a4000 rw-p 00000000 00:00 0 
7ffdbe118000-7ffdbe139000 rw-p 00000000 00:00 0                          [stack]
7ffdbe16f000-7ffdbe171000 r--p 00000000 00:00 0                          [vvar]
7ffdbe171000-7ffdbe173000 r-xp 00000000 00:00 0                          [vdso]
ffffffffff600000-ffffffffff601000 r-xp 00000000 00:00 0                  [vsyscall]

VM Arguments:
java_command: HelloWorldSwing
java_class_path (initial): .
Launcher Type: SUN_STANDARD

Environment Variables:
CLASSPATH=/usr/local/staf/lib/JSTAF.jar:/usr/local/staf/samples/demo/STAFDemo.jar:/usr/local/staf/lib/JSTAF.jar:/usr/local/staf/samples/demo/STAFDemo.jar:
PATH=/usr/local/staf/bin:/usr/local/staf/bin:/usr/local/sbin:/usr/local/bin:/usr/sbin:/usr/bin:/sbin:/bin:/usr/games:/usr/local/games:/snap/bin
LD_LIBRARY_PATH=/usr/local/staf/lib:/usr/local/staf/lib:
SHELL=/bin/bash
DISPLAY=:1

Signal Handlers:
SIGSEGV: [libjvm.so+0xc12c20], sa_mask[0]=11111111011111111101111111111110, sa_flags=SA_RESTART|SA_SIGINFO
SIGBUS: [libjvm.so+0xc12c20], sa_mask[0]=11111111011111111101111111111110, sa_flags=SA_RESTART|SA_SIGINFO
SIGFPE: [libjvm.so+0xc12c20], sa_mask[0]=11111111011111111101111111111110, sa_flags=SA_RESTART|SA_SIGINFO
SIGPIPE: [libjvm.so+0xa3b600], sa_mask[0]=11111111011111111101111111111110, sa_flags=SA_RESTART|SA_SIGINFO
SIGXFSZ: [libjvm.so+0xa3b600], sa_mask[0]=11111111011111111101111111111110, sa_flags=SA_RESTART|SA_SIGINFO
SIGILL: [libjvm.so+0xc12c20], sa_mask[0]=11111111011111111101111111111110, sa_flags=SA_RESTART|SA_SIGINFO
SIGUSR2: [libjvm.so+0xa3b4a0], sa_mask[0]=00000000000000000000000000000000, sa_flags=SA_RESTART|SA_SIGINFO
SIGHUP: [libjvm.so+0xa3b870], sa_mask[0]=11111111011111111101111111111110, sa_flags=SA_RESTART|SA_SIGINFO
SIGINT: [libjvm.so+0xa3b870], sa_mask[0]=11111111011111111101111111111110, sa_flags=SA_RESTART|SA_SIGINFO
SIGTERM: [libjvm.so+0xa3b870], sa_mask[0]=11111111011111111101111111111110, sa_flags=SA_RESTART|SA_SIGINFO
SIGQUIT: [libjvm.so+0xa3b870], sa_mask[0]=11111111011111111101111111111110, sa_flags=SA_RESTART|SA_SIGINFO


---------------  S Y S T E M  ---------------

OS:DISTRIB_ID=Ubuntu
DISTRIB_RELEASE=16.04
DISTRIB_CODENAME=xenial
DISTRIB_DESCRIPTION="Ubuntu 16.04.1 LTS"
uname:Linux 4.4.0-93-generic #116-Ubuntu SMP Fri Aug 11 21:17:51 UTC 2017 x86_64
libc:glibc 2.23 NPTL 2.23 
rlimit: STACK 8192k, CORE 0k, NPROC 63620, NOFILE 65536, AS infinity
load average:0.09 0.02 0.01

/proc/meminfo:
MemTotal:       16319868 kB
MemFree:        10189024 kB
MemAvailable:   14378300 kB
Buffers:          802796 kB
Cached:          3539288 kB
SwapCached:            0 kB
Active:          3830928 kB
Inactive:        1633676 kB
Active(anon):    1124664 kB
Inactive(anon):   303180 kB
Active(file):    2706264 kB
Inactive(file):  1330496 kB
Unevictable:          32 kB
Mlocked:              32 kB
SwapTotal:      39060476 kB
SwapFree:       39060476 kB
Dirty:               436 kB
Writeback:             0 kB
AnonPages:       1122900 kB
Mapped:           358664 kB
Shmem:            305204 kB
Slab:             536824 kB
SReclaimable:     494864 kB
SUnreclaim:        41960 kB
KernelStack:        9888 kB
PageTables:        36148 kB
NFS_Unstable:          0 kB
Bounce:                0 kB
WritebackTmp:          0 kB
CommitLimit:    47220408 kB
Committed_AS:    6093152 kB
VmallocTotal:   34359738367 kB
VmallocUsed:           0 kB
VmallocChunk:          0 kB
HardwareCorrupted:     0 kB
AnonHugePages:    702464 kB
CmaTotal:              0 kB
CmaFree:               0 kB
HugePages_Total:       0
HugePages_Free:        0
HugePages_Rsvd:        0
HugePages_Surp:        0
Hugepagesize:       2048 kB
DirectMap4k:      122804 kB
DirectMap2M:     3958784 kB
DirectMap1G:    12582912 kB


CPU:total 4 (2 cores per cpu, 2 threads per core) family 6 model 78 stepping 3, cmov, cx8, fxsr, mmx, sse, sse2, sse3, ssse3, sse4.1, sse4.2, popcnt, avx, avx2, aes, clmul, erms, 3dnowpref, lzcnt, ht, tsc, tscinvbit, bmi1, bmi2, adx

CPU Model and flags from /proc/cpuinfo:
model name	: Intel(R) Core(TM) i5-6260U CPU @ 1.80GHz
flags		: fpu vme de pse tsc msr pae mce cx8 apic sep mtrr pge mca cmov pat pse36 clflush dts acpi mmx fxsr sse sse2 ss ht tm pbe syscall nx pdpe1gb rdtscp lm constant_tsc art arch_perfmon pebs bts rep_good nopl xtopology nonstop_tsc aperfmperf eagerfpu pni pclmulqdq dtes64 monitor ds_cpl vmx est tm2 ssse3 sdbg fma cx16 xtpr pdcm pcid sse4_1 sse4_2 x2apic movbe popcnt tsc_deadline_timer aes xsave avx f16c rdrand lahf_lm abm 3dnowprefetch epb intel_pt tpr_shadow vnmi flexpriority ept vpid fsgsbase tsc_adjust bmi1 avx2 smep bmi2 erms invpcid mpx rdseed adx smap clflushopt xsaveopt xsavec xgetbv1 dtherm ida arat pln pts hwp hwp_notify hwp_act_window hwp_epp

Memory: 4k page, physical 16319868k(10189024k free), swap 39060476k(39060476k free)

vm_info: OpenJDK 64-Bit Server VM (9-internal+0-2016-04-14-195246.buildd.src) for linux-amd64 JRE (9-internal+0-2016-04-14-195246.buildd.src), built on Apr 14 2016 20:05:37 by "buildd" with gcc 5.3.1 20160413

END.
